TN:
SF:/home/atcsol/git/JOSE_PHOTOSAT/uah_photsat_freertos/service_libraries/edroomsl/edroomsl/include/edroomsl/edroomsl.h
FN:115,_ZN11CEDROOMPoolD0Ev
FNDA:0,_ZN11CEDROOMPoolD0Ev
FN:115,_ZN11CEDROOMPoolD2Ev
FNDA:0,_ZN11CEDROOMPoolD2Ev
FN:236,_ZN17CEDROOMMemoryPoolD0Ev
FNDA:0,_ZN17CEDROOMMemoryPoolD0Ev
FN:236,_ZN17CEDROOMMemoryPoolD2Ev
FNDA:0,_ZN17CEDROOMMemoryPoolD2Ev
FN:726,_ZN19CEDROOMMessagesPoolD0Ev
FNDA:0,_ZN19CEDROOMMessagesPoolD0Ev
FN:726,_ZN19CEDROOMMessagesPoolD2Ev
FNDA:5,_ZN19CEDROOMMessagesPoolD2Ev
FN:761,_ZN26CEDROOMTimeOutMessagesPoolD0Ev
FNDA:0,_ZN26CEDROOMTimeOutMessagesPoolD0Ev
FN:761,_ZN26CEDROOMTimeOutMessagesPoolD2Ev
FNDA:3,_ZN26CEDROOMTimeOutMessagesPoolD2Ev
FN:1812,_ZN16CEDROOMTXChannelD0Ev
FNDA:0,_ZN16CEDROOMTXChannelD0Ev
FN:1812,_ZN16CEDROOMTXChannelD2Ev
FNDA:0,_ZN16CEDROOMTXChannelD2Ev
FN:1883,_ZN21CEDROOMLocalTXChannelD0Ev
FNDA:0,_ZN21CEDROOMLocalTXChannelD0Ev
FN:1883,_ZN21CEDROOMLocalTXChannelD2Ev
FNDA:0,_ZN21CEDROOMLocalTXChannelD2Ev
DA:115,0
DA:115,0
DA:236,0
DA:236,0
DA:726,0
DA:726,5
DA:761,0
DA:761,3
DA:1812,0
DA:1812,0
DA:1883,0
DA:1883,0
end_of_record
SF:/home/atcsol/git/JOSE_PHOTOSAT/uah_photsat_freertos/asw/components/ccbkgtcexec/include/public/ccbkgtcexec_iface_v1.h
end_of_record
SF:/home/atcsol/git/JOSE_PHOTOSAT/uah_photsat_freertos/service_libraries/edroomsl/edroombp/include/public/edroombp.h
FN:122,_ZN9Pr_KernelD2Ev
FNDA:1,_ZN9Pr_KernelD2Ev
FN:192,_ZN12Pr_SemaphoreD2Ev
FNDA:0,_ZN12Pr_SemaphoreD2Ev
FN:261,_ZN15Pr_SemaphoreBinD2Ev
FNDA:0,_ZN15Pr_SemaphoreBinD2Ev
FN:533,_ZN7Pr_TaskD2Ev
FNDA:0,_ZN7Pr_TaskD2Ev
DA:122,1
DA:192,0
DA:194,0
DA:195,0
DA:261,0
DA:264,0
DA:533,0
DA:536,0
end_of_record
SF:/home/atcsol/git/JOSE_PHOTOSAT/uah_photsat_freertos/asw/edroom_glue/include/edroom_glue/edroomdeployment.h
end_of_record
SF:/home/atcsol/git/JOSE_PHOTOSAT/uah_photsat_freertos/asw/components/uahphotsat/include/public/uahphotsat_iface_v1.h
end_of_record
SF:/home/atcsol/git/JOSE_PHOTOSAT/uah_photsat_freertos/asw/edroom_glue/src/edroomdeployment.cpp
FN:11,_Z8MainWaitR10UAHPhotSatR11CCBKGTCExecR12CCHK_FDIRMngR11CCTCManagerR8CCObsMng
FNDA:1,_Z8MainWaitR10UAHPhotSatR11CCBKGTCExecR12CCHK_FDIRMngR11CCTCManagerR8CCObsMng
FN:36,_ZN19CEDROOMSystemMemory9SetMemoryEv
FNDA:1,_ZN19CEDROOMSystemMemory9SetMemoryEv
FN:53,_ZN20CEDROOMSystemCommSAP13SetComponentsEP10UAHPhotSatP11CCBKGTCExecP12CCHK_FDIRMngP11CCTCManagerP8CCObsMng
FNDA:1,_ZN20CEDROOMSystemCommSAP13SetComponentsEP10UAHPhotSatP11CCBKGTCExecP12CCHK_FDIRMngP11CCTCManagerP8CCObsMng
FN:73,_ZN20CEDROOMSystemCommSAP37C5ObsMng_PObsMng__C4TCManager_PObsMngEi
FNDA:0,_ZN20CEDROOMSystemCommSAP37C5ObsMng_PObsMng__C4TCManager_PObsMngEi
FN:86,_ZN20CEDROOMSystemCommSAP37C4TCManager_PObsMng__C5ObsMng_PObsMngEi
FNDA:4,_ZN20CEDROOMSystemCommSAP37C4TCManager_PObsMng__C5ObsMng_PObsMngEi
FN:101,_ZN20CEDROOMSystemCommSAP50C4TCManager_PBKGExecCtrl__C2BKGTCExec_PBKGExecCtrlEi
FNDA:0,_ZN20CEDROOMSystemCommSAP50C4TCManager_PBKGExecCtrl__C2BKGTCExec_PBKGExecCtrlEi
FN:116,_ZN20CEDROOMSystemCommSAP50C2BKGTCExec_PBKGExecCtrl__C4TCManager_PBKGExecCtrlEi
FNDA:0,_ZN20CEDROOMSystemCommSAP50C2BKGTCExec_PBKGExecCtrl__C4TCManager_PBKGExecCtrlEi
FN:129,_ZN20CEDROOMSystemCommSAP51C4TCManager_PHK_FDIRCtrl__C3HK_FDIRMng_PHK_FDIRCtrlEi
FNDA:6,_ZN20CEDROOMSystemCommSAP51C4TCManager_PHK_FDIRCtrl__C3HK_FDIRMng_PHK_FDIRCtrlEi
FN:144,_ZN20CEDROOMSystemCommSAP51C3HK_FDIRMng_PHK_FDIRCtrl__C4TCManager_PHK_FDIRCtrlEi
FNDA:2,_ZN20CEDROOMSystemCommSAP51C3HK_FDIRMng_PHK_FDIRCtrl__C4TCManager_PHK_FDIRCtrlEi
FN:164,_ZN20CEDROOMSystemCommSAP18RegisterInterfacesEv
FNDA:1,_ZN20CEDROOMSystemCommSAP18RegisterInterfacesEv
FN:193,_ZN20CEDROOMSystemCommSAP19SetLocalConnectionsEv
FNDA:1,_ZN20CEDROOMSystemCommSAP19SetLocalConnectionsEv
FN:213,_ZN20CEDROOMSystemCommSAP20SetRemoteConnectionsEv
FNDA:1,_ZN20CEDROOMSystemCommSAP20SetRemoteConnectionsEv
FN:220,_ZN20CEDROOMSystemCommSAP14SetConnectionsEv
FNDA:1,_ZN20CEDROOMSystemCommSAP14SetConnectionsEv
FN:230,_ZN23CEDROOMSystemDeploymentC2Ev
FNDA:1,_ZN23CEDROOMSystemDeploymentC2Ev
FN:241,_ZN23CEDROOMSystemDeployment6ConfigEP10UAHPhotSatP11CCBKGTCExecP12CCHK_FDIRMngP11CCTCManagerP8CCObsMng
FNDA:1,_ZN23CEDROOMSystemDeployment6ConfigEP10UAHPhotSatP11CCBKGTCExecP12CCHK_FDIRMngP11CCTCManagerP8CCObsMng
FN:267,_ZN23CEDROOMSystemDeployment15StartComponentsEv
FNDA:1,_ZN23CEDROOMSystemDeployment15StartComponentsEv
FN:279,_ZN23CEDROOMSystemDeployment5StartEv
FNDA:1,_ZN23CEDROOMSystemDeployment5StartEv
FN:313,_ZN23CEDROOMSystemDeployment9main_taskEv
FNDA:1,_ZN23CEDROOMSystemDeployment9main_taskEv
DA:11,1
DA:17,1
DA:30,20
DA:36,1
DA:38,1
DA:39,1
DA:40,1
DA:41,1
DA:42,1
DA:43,1
DA:44,1
DA:45,1
DA:46,1
DA:47,1
DA:48,1
DA:53,1
DA:58,1
DA:59,1
DA:60,1
DA:61,1
DA:62,1
DA:63,1
DA:73,0
DA:79,0
DA:82,0
DA:86,4
DA:90,4
DA:92,4
DA:94,0
DA:97,4
DA:101,0
DA:105,0
DA:107,0
DA:109,0
DA:112,0
DA:116,0
DA:122,0
DA:125,0
DA:129,6
DA:133,6
DA:135,6
DA:137,0
DA:140,6
DA:144,2
DA:148,2
DA:150,2
DA:152,0
DA:155,2
DA:164,1
DA:167,1
DA:170,1
DA:173,1
DA:174,1
DA:177,1
DA:178,1
DA:179,1
DA:180,1
DA:183,1
DA:184,1
DA:185,1
DA:187,1
DA:193,1
DA:195,1
DA:199,1
DA:203,1
DA:207,1
DA:213,1
DA:215,1
DA:220,1
DA:222,1
DA:223,1
DA:225,1
DA:230,1
DA:234,1
DA:236,1
DA:241,1
DA:247,1
DA:248,1
DA:249,1
DA:250,1
DA:251,1
DA:253,1
DA:259,1
DA:260,1
DA:262,1
DA:267,1
DA:268,1
DA:269,1
DA:270,1
DA:271,1
DA:272,1
DA:274,1
DA:279,1
DA:283,1
DA:285,1
DA:302,0
DA:313,1
DA:315,1
DA:316,1
DA:317,1
DA:318,1
DA:319,1
DA:320,1
DA:322,0
end_of_record
SF:/home/atcsol/git/JOSE_PHOTOSAT/uah_photsat_freertos/asw/components/ccobsmng/include/public/ccobsmng_iface_v1.h
end_of_record
SF:/home/atcsol/git/JOSE_PHOTOSAT/uah_photsat_freertos/asw/dataclasses/CDEvAction/include/public/cdevaction.h
FN:35,_ZN10CDEvActionC2Ev
FNDA:5,_ZN10CDEvActionC2Ev
DA:35,5
DA:36,5
DA:37,5
DA:38,5
end_of_record
SF:/home/atcsol/git/JOSE_PHOTOSAT/uah_photsat_freertos/asw/components/cctcmanager/include/public/cctcmanager_iface_v1.h
end_of_record
SF:/home/atcsol/git/JOSE_PHOTOSAT/uah_photsat_freertos/asw/components/cchk_fdirmng/include/public/cchk_fdirmng_iface_v1.h
end_of_record
TN:
SF:/home/atcsol/git/JOSE_PHOTOSAT/uah_photsat_freertos/asw/dataclasses/CDTCAcceptReport/include/public/cdtcacceptreport.h
FN:16,_ZN16CDTCAcceptReportC2Ev
FNDA:10,_ZN16CDTCAcceptReportC2Ev
DA:16,10
DA:17,10
DA:18,10
end_of_record
SF:/home/atcsol/git/JOSE_PHOTOSAT/uah_photsat_freertos/asw/dataclasses/CDTCHandler/src/cdtchandler.cpp
FN:16,_ZN11CDTCHandlerC2Ev
FNDA:17,_ZN11CDTCHandlerC2Ev
FN:23,_ZN11CDTCHandler19BuildFromDescriptorER17CDTCMemDescriptor
FNDA:9,_ZN11CDTCHandler19BuildFromDescriptorER17CDTCMemDescriptor
FN:29,_ZN11CDTCHandler13DoAcceptationEv
FNDA:9,_ZN11CDTCHandler13DoAcceptationEv
FN:37,_ZN11CDTCHandler14MngTCRejectionER16CDTCAcceptReport
FNDA:0,_ZN11CDTCHandler14MngTCRejectionER16CDTCAcceptReport
FN:45,_ZN11CDTCHandler16MngTCAcceptationEv
FNDA:9,_ZN11CDTCHandler16MngTCAcceptationEv
FN:51,_ZN11CDTCHandler11GetExecCtrlEv
FNDA:11,_ZN11CDTCHandler11GetExecCtrlEv
FN:98,_ZN11CDTCHandler6ExecTCEv
FNDA:11,_ZN11CDTCHandler6ExecTCEv
DA:16,17
DA:18,17
DA:19,17
DA:21,17
DA:23,9
DA:25,9
DA:27,9
DA:29,9
DA:31,9
DA:32,9
DA:34,9
DA:37,0
DA:39,0
DA:41,0
DA:42,0
DA:45,9
DA:47,9
DA:49,9
DA:51,11
DA:54,11
DA:57,11
DA:59,1
DA:61,1
DA:62,1
DA:64,4
DA:66,4
DA:67,4
DA:69,0
DA:72,0
DA:73,0
DA:75,6
DA:80,6
DA:81,6
DA:83,0
DA:85,0
DA:87,0
DA:88,0
DA:90,0
DA:91,0
DA:95,11
DA:98,11
DA:101,11
DA:103,11
DA:106,11
DA:108,11
DA:109,0
DA:110,0
DA:111,0
DA:112,0
DA:113,0
DA:114,0
DA:115,0
DA:116,0
DA:117,0
DA:118,0
DA:119,0
DA:120,0
DA:121,0
DA:122,0
DA:123,0
DA:125,0
DA:126,0
DA:127,0
DA:129,0
DA:130,0
DA:131,0
DA:132,4
DA:133,4
DA:134,4
DA:135,2
DA:136,2
DA:137,2
DA:138,0
DA:139,0
DA:141,0
DA:142,1
DA:143,1
DA:144,1
DA:145,4
DA:146,4
DA:147,4
DA:148,0
DA:150,0
DA:154,11
DA:157,11
end_of_record
TN:
SF:/home/atcsol/git/JOSE_PHOTOSAT/uah_photsat_freertos/asw/dataclasses/CDTCMemDescriptor/src/cdtcmemdescriptor.cpp
FN:12,_ZN17CDTCMemDescriptor9HandleIRQEv
FNDA:0,_ZN17CDTCMemDescriptor9HandleIRQEv
DA:12,0
DA:14,0
end_of_record
TN:
SF:/home/atcsol/git/JOSE_PHOTOSAT/uah_photsat_freertos/asw/dataclasses/CDEvAction/src/cdevaction.cpp
FN:11,_ZN10CDEvAction24ExtractEvActionFromQueueEv
FNDA:2,_ZN10CDEvAction24ExtractEvActionFromQueueEv
DA:11,2
DA:13,2
DA:15,2
DA:17,2
DA:21,2
end_of_record
TN:
SF:/home/atcsol/git/JOSE_PHOTOSAT/uah_photsat_freertos/service_libraries/edroomsl/edroombp/include/public/edroombp.h
FN:192,_ZN12Pr_SemaphoreD2Ev
FNDA:0,_ZN12Pr_SemaphoreD2Ev
FN:261,_ZN15Pr_SemaphoreBinD2Ev
FNDA:0,_ZN15Pr_SemaphoreBinD2Ev
FN:337,_ZN15Pr_SemaphoreRecD2Ev
FNDA:0,_ZN15Pr_SemaphoreRecD2Ev
FN:533,_ZN7Pr_TaskD2Ev
FNDA:0,_ZN7Pr_TaskD2Ev
DA:192,0
DA:194,0
DA:195,0
DA:261,0
DA:264,0
DA:337,0
DA:533,0
DA:536,0
end_of_record
SF:/home/atcsol/git/JOSE_PHOTOSAT/uah_photsat_freertos/service_libraries/edroomsl/edroomsl/include/edroomsl/edroomsl.h
FN:115,_ZN11CEDROOMPoolD0Ev
FNDA:0,_ZN11CEDROOMPoolD0Ev
FN:115,_ZN11CEDROOMPoolD2Ev
FNDA:0,_ZN11CEDROOMPoolD2Ev
FN:236,_ZN17CEDROOMMemoryPoolD0Ev
FNDA:0,_ZN17CEDROOMMemoryPoolD0Ev
FN:236,_ZN17CEDROOMMemoryPoolD2Ev
FNDA:0,_ZN17CEDROOMMemoryPoolD2Ev
FN:314,_ZN26CEDROOMProtectedMemoryPoolD0Ev
FNDA:0,_ZN26CEDROOMProtectedMemoryPoolD0Ev
FN:314,_ZN26CEDROOMProtectedMemoryPoolD2Ev
FNDA:0,_ZN26CEDROOMProtectedMemoryPoolD2Ev
DA:115,0
DA:115,0
DA:236,0
DA:236,0
DA:314,0
DA:314,0
end_of_record
SF:/home/atcsol/git/JOSE_PHOTOSAT/uah_photsat_freertos/asw/components/cchk_fdirmng/src/CCHK_FDIRMngS.cpp
FN:13,_ZN12CCHK_FDIRMngC2Ejj15TEDROOMPriorityjPNS_13CEDROOMMemoryE
FNDA:1,_ZN12CCHK_FDIRMngC2Ejj15TEDROOMPriorityjPNS_13CEDROOMMemoryE
FN:49,_ZN12CCHK_FDIRMng12EDROOMConfigEv
FNDA:0,_ZN12CCHK_FDIRMng12EDROOMConfigEv
FN:60,_ZN12CCHK_FDIRMng11EDROOMStartEv
FNDA:1,_ZN12CCHK_FDIRMng11EDROOMStartEv
FN:85,_ZN12CCHK_FDIRMng15EDROOMBehaviourEv
FNDA:1,_ZN12CCHK_FDIRMng15EDROOMBehaviourEv
FN:114,_ZN12CCHK_FDIRMng13CEDROOMMemory9SetMemoryEjP14CEDROOMMessagePbjPN12CEDROOMQueue10CQueueNodeES3_
FNDA:1,_ZN12CCHK_FDIRMng13CEDROOMMemory9SetMemoryEjP14CEDROOMMessagePbjPN12CEDROOMQueue10CQueueNodeES3_
DA:13,1
DA:17,1
DA:24,1
DA:28,1
DA:32,2
DA:38,1
DA:49,0
DA:53,0
DA:60,1
DA:66,1
DA:70,1
DA:72,1
DA:85,1
DA:88,1
DA:89,1
DA:91,0
DA:114,1
DA:122,1
DA:123,1
DA:125,1
DA:128,1
end_of_record
SF:/home/atcsol/git/JOSE_PHOTOSAT/uah_photsat_freertos/asw/components/cchk_fdirmng/include/public/cchk_fdirmng_iface_v1.h
end_of_record
TN:
SF:/home/atcsol/git/JOSE_PHOTOSAT/uah_photsat_freertos/asw/components/cchk_fdirmng/src/CCHK_FDIRMngB.cpp
FN:13,_ZN12CCHK_FDIRMng16EDROOM_CTX_Top_0C2ERS_R7Pr_TimeRNS0_21CEDROOMPOOLCDEvActionE
FNDA:1,_ZN12CCHK_FDIRMng16EDROOM_CTX_Top_0C2ERS_R7Pr_TimeRNS0_21CEDROOMPOOLCDEvActionE
FN:27,_ZN12CCHK_FDIRMng16EDROOM_CTX_Top_0C2ERS0_
FNDA:0,_ZN12CCHK_FDIRMng16EDROOM_CTX_Top_0C2ERS0_
FN:42,_ZN12CCHK_FDIRMng16EDROOM_CTX_Top_024EDROOMSearchContextTransER14TEDROOMTransId
FNDA:0,_ZN12CCHK_FDIRMng16EDROOM_CTX_Top_024EDROOMSearchContextTransER14TEDROOMTransId
FN:66,_ZN12CCHK_FDIRMng16EDROOM_CTX_Top_010FDoHK_FDIREv
FNDA:60,_ZN12CCHK_FDIRMng16EDROOM_CTX_Top_010FDoHK_FDIREv
FN:85,_ZN12CCHK_FDIRMng16EDROOM_CTX_Top_015FExecHK_FDIR_TCEv
FNDA:6,_ZN12CCHK_FDIRMng16EDROOM_CTX_Top_015FExecHK_FDIR_TCEv
FN:97,_ZN12CCHK_FDIRMng16EDROOM_CTX_Top_012FFwdEvActionEv
FNDA:2,_ZN12CCHK_FDIRMng16EDROOM_CTX_Top_012FFwdEvActionEv
FN:113,_ZN12CCHK_FDIRMng16EDROOM_CTX_Top_012FInitHK_FDIREv
FNDA:1,_ZN12CCHK_FDIRMng16EDROOM_CTX_Top_012FInitHK_FDIREv
FN:130,_ZN12CCHK_FDIRMng16EDROOM_CTX_Top_016GPendingEvActionEv
FNDA:60,_ZN12CCHK_FDIRMng16EDROOM_CTX_Top_016GPendingEvActionEv
FN:146,_ZN12CCHK_FDIRMng16EDROOM_CTX_Top_021CEDROOMPOOLCDEvActionC2EjP10CDEvActionPb
FNDA:1,_ZN12CCHK_FDIRMng16EDROOM_CTX_Top_021CEDROOMPOOLCDEvActionC2EjP10CDEvActionPb
FN:153,_ZN12CCHK_FDIRMng16EDROOM_CTX_Top_021CEDROOMPOOLCDEvAction9AllocDataEv
FNDA:2,_ZN12CCHK_FDIRMng16EDROOM_CTX_Top_021CEDROOMPOOLCDEvAction9AllocDataEv
FN:170,_ZN12CCHK_FDIRMng16EDROOM_SUB_Top_0C2ERS_PNS_13CEDROOMMemoryE
FNDA:1,_ZN12CCHK_FDIRMng16EDROOM_SUB_Top_0C2ERS_PNS_13CEDROOMMemoryE
FN:184,_ZN12CCHK_FDIRMng16EDROOM_SUB_Top_015EDROOMBehaviourEv
FNDA:1,_ZN12CCHK_FDIRMng16EDROOM_SUB_Top_015EDROOMBehaviourEv
FN:275,_ZN12CCHK_FDIRMng16EDROOM_SUB_Top_010EDROOMInitEv
FNDA:1,_ZN12CCHK_FDIRMng16EDROOM_SUB_Top_010EDROOMInitEv
FN:292,_ZN12CCHK_FDIRMng16EDROOM_SUB_Top_014EDROOMIArrivalEv
FNDA:1,_ZN12CCHK_FDIRMng16EDROOM_SUB_Top_014EDROOMIArrivalEv
FN:314,_ZN12CCHK_FDIRMng16EDROOM_SUB_Top_018EDROOMReadyArrivalEv
FNDA:67,_ZN12CCHK_FDIRMng16EDROOM_SUB_Top_018EDROOMReadyArrivalEv
DA:13,1
DA:15,1
DA:17,1
DA:18,1
DA:19,1
DA:20,1
DA:21,1
DA:22,1
DA:23,1
DA:25,1
DA:27,0
DA:29,0
DA:30,0
DA:31,0
DA:32,0
DA:33,0
DA:34,0
DA:35,0
DA:38,0
DA:42,0
DA:46,0
DA:48,0
DA:51,0
DA:53,0
DA:54,0
DA:55,0
DA:56,0
DA:60,0
DA:66,60
DA:70,60
DA:72,60
DA:73,60
DA:75,60
DA:76,60
DA:77,60
DA:78,60
DA:80,60
DA:81,60
DA:85,6
DA:89,6
DA:91,6
DA:93,6
DA:97,2
DA:101,2
DA:106,2
DA:108,2
DA:109,2
DA:113,1
DA:117,1
DA:119,1
DA:120,1
DA:121,1
DA:125,1
DA:126,1
DA:130,60
DA:135,60
DA:146,1
DA:147,1
DA:149,1
DA:151,1
DA:153,2
DA:155,2
DA:170,1
DA:171,1
DA:173,1
DA:174,1
DA:175,1
DA:176,1
DA:177,1
DA:180,1
DA:184,1
DA:191,1
DA:198,67
DA:202,1
DA:204,1
DA:206,1
DA:207,1
DA:209,6
DA:211,6
DA:213,6
DA:214,6
DA:216,60
DA:219,60
DA:221,60
DA:224,2
DA:227,2
DA:231,2
DA:238,58
DA:242,58
DA:244,60
DA:248,67
DA:252,0
DA:254,0
DA:255,0
DA:258,67
DA:260,67
DA:261,66
DA:265,66
DA:267,66
DA:269,0
DA:275,1
DA:278,1
DA:280,1
DA:292,1
DA:298,1
DA:299,1
DA:300,1
DA:314,67
DA:319,67
DA:324,67
DA:326,66
DA:329,6
DA:331,6
DA:335,6
DA:336,6
DA:337,6
DA:340,6
DA:342,60
DA:344,60
DA:348,60
DA:349,60
DA:350,60
DA:353,60
DA:357,66
DA:359,0
DA:363,66
DA:365,66
end_of_record
SF:/home/atcsol/git/JOSE_PHOTOSAT/uah_photsat_freertos/asw/components/cchk_fdirmng/include/public/cchk_fdirmng_iface_v1.h
FN:254,_ZN12CCHK_FDIRMng16EDROOM_CTX_Top_016EDROOMNewMessageEv
FNDA:67,_ZN12CCHK_FDIRMng16EDROOM_CTX_Top_016EDROOMNewMessageEv
DA:254,67
DA:255,67
end_of_record
SF:/home/atcsol/git/JOSE_PHOTOSAT/uah_photsat_freertos/service_libraries/edroomsl/edroomsl/include/edroomsl/edroomsl.h
FN:115,_ZN11CEDROOMPoolD0Ev
FNDA:0,_ZN11CEDROOMPoolD0Ev
FN:115,_ZN11CEDROOMPoolD2Ev
FNDA:0,_ZN11CEDROOMPoolD2Ev
FN:236,_ZN17CEDROOMMemoryPoolD0Ev
FNDA:0,_ZN17CEDROOMMemoryPoolD0Ev
FN:236,_ZN17CEDROOMMemoryPoolD2Ev
FNDA:0,_ZN17CEDROOMMemoryPoolD2Ev
FN:314,_ZN26CEDROOMProtectedMemoryPoolD0Ev
FNDA:0,_ZN26CEDROOMProtectedMemoryPoolD0Ev
FN:314,_ZN26CEDROOMProtectedMemoryPoolD2Ev
FNDA:0,_ZN26CEDROOMProtectedMemoryPoolD2Ev
DA:115,0
DA:115,0
DA:236,0
DA:236,0
DA:314,0
DA:314,0
end_of_record
SF:/home/atcsol/git/JOSE_PHOTOSAT/uah_photsat_freertos/service_libraries/edroomsl/edroombp/include/public/edroombp.h
FN:192,_ZN12Pr_SemaphoreD2Ev
FNDA:0,_ZN12Pr_SemaphoreD2Ev
FN:337,_ZN15Pr_SemaphoreRecD2Ev
FNDA:0,_ZN15Pr_SemaphoreRecD2Ev
DA:192,0
DA:194,0
DA:195,0
DA:337,0
end_of_record
TN:
SF:/home/atcsol/git/JOSE_PHOTOSAT/uah_photsat_freertos/asw/components/ccobsmng/include/public/ccobsmng_iface_v1.h
FN:243,_ZN8CCObsMng16EDROOM_CTX_Top_016EDROOMNewMessageEv
FNDA:605,_ZN8CCObsMng16EDROOM_CTX_Top_016EDROOMNewMessageEv
DA:243,605
DA:244,605
end_of_record
SF:/home/atcsol/git/JOSE_PHOTOSAT/uah_photsat_freertos/asw/components/ccobsmng/src/CCObsMngB.cpp
FN:13,_ZN8CCObsMng16EDROOM_CTX_Top_0C2ERS_R7Pr_Time
FNDA:1,_ZN8CCObsMng16EDROOM_CTX_Top_0C2ERS_R7Pr_Time
FN:27,_ZN8CCObsMng16EDROOM_CTX_Top_0C2ERS0_
FNDA:0,_ZN8CCObsMng16EDROOM_CTX_Top_0C2ERS0_
FN:43,_ZN8CCObsMng16EDROOM_CTX_Top_024EDROOMSearchContextTransER14TEDROOMTransId
FNDA:0,_ZN8CCObsMng16EDROOM_CTX_Top_024EDROOMSearchContextTransER14TEDROOMTransId
FN:67,_ZN8CCObsMng16EDROOM_CTX_Top_015FDoAttitudeCtrlEv
FNDA:600,_ZN8CCObsMng16EDROOM_CTX_Top_015FDoAttitudeCtrlEv
FN:77,_ZN8CCObsMng16EDROOM_CTX_Top_015FEndObservationEv
FNDA:0,_ZN8CCObsMng16EDROOM_CTX_Top_015FEndObservationEv
FN:90,_ZN8CCObsMng16EDROOM_CTX_Top_014FExecObsMng_TCEv
FNDA:4,_ZN8CCObsMng16EDROOM_CTX_Top_014FExecObsMng_TCEv
FN:103,_ZN8CCObsMng16EDROOM_CTX_Top_05FInitEv
FNDA:1,_ZN8CCObsMng16EDROOM_CTX_Top_05FInitEv
FN:122,_ZN8CCObsMng16EDROOM_CTX_Top_017FProgAttitudeCtrlEv
FNDA:600,_ZN8CCObsMng16EDROOM_CTX_Top_017FProgAttitudeCtrlEv
FN:138,_ZN8CCObsMng16EDROOM_CTX_Top_014FProgTakeImageEv
FNDA:0,_ZN8CCObsMng16EDROOM_CTX_Top_014FProgTakeImageEv
FN:150,_ZN8CCObsMng16EDROOM_CTX_Top_010FTakeImageEv
FNDA:0,_ZN8CCObsMng16EDROOM_CTX_Top_010FTakeImageEv
FN:160,_ZN8CCObsMng16EDROOM_CTX_Top_014FToObservationEv
FNDA:0,_ZN8CCObsMng16EDROOM_CTX_Top_014FToObservationEv
FN:170,_ZN8CCObsMng16EDROOM_CTX_Top_010GLastImageEv
FNDA:0,_ZN8CCObsMng16EDROOM_CTX_Top_010GLastImageEv
FN:180,_ZN8CCObsMng16EDROOM_CTX_Top_019GReadyToObservationEv
FNDA:600,_ZN8CCObsMng16EDROOM_CTX_Top_019GReadyToObservationEv
FN:204,_ZN8CCObsMng16EDROOM_SUB_Top_0C2ERS_
FNDA:1,_ZN8CCObsMng16EDROOM_SUB_Top_0C2ERS_
FN:213,_ZN8CCObsMng16EDROOM_SUB_Top_015EDROOMBehaviourEv
FNDA:1,_ZN8CCObsMng16EDROOM_SUB_Top_015EDROOMBehaviourEv
FN:345,_ZN8CCObsMng16EDROOM_SUB_Top_010EDROOMInitEv
FNDA:1,_ZN8CCObsMng16EDROOM_SUB_Top_010EDROOMInitEv
FN:362,_ZN8CCObsMng16EDROOM_SUB_Top_014EDROOMIArrivalEv
FNDA:1,_ZN8CCObsMng16EDROOM_SUB_Top_014EDROOMIArrivalEv
FN:384,_ZN8CCObsMng16EDROOM_SUB_Top_020EDROOMStandbyArrivalEv
FNDA:605,_ZN8CCObsMng16EDROOM_SUB_Top_020EDROOMStandbyArrivalEv
FN:449,_ZN8CCObsMng16EDROOM_SUB_Top_024EDROOMObservationArrivalEv
FNDA:0,_ZN8CCObsMng16EDROOM_SUB_Top_024EDROOMObservationArrivalEv
DA:13,1
DA:14,1
DA:16,1
DA:17,1
DA:18,1
DA:19,1
DA:20,1
DA:21,1
DA:22,1
DA:23,1
DA:25,1
DA:27,0
DA:29,0
DA:30,0
DA:31,0
DA:32,0
DA:33,0
DA:34,0
DA:35,0
DA:36,0
DA:39,0
DA:43,0
DA:47,0
DA:49,0
DA:52,0
DA:54,0
DA:55,0
DA:56,0
DA:57,0
DA:61,0
DA:67,600
DA:71,600
DA:73,600
DA:77,0
DA:83,0
DA:86,0
DA:90,4
DA:94,4
DA:97,4
DA:99,4
DA:103,1
DA:107,1
DA:112,1
DA:113,1
DA:117,1
DA:118,1
DA:122,600
DA:126,600
DA:130,600
DA:131,600
DA:133,600
DA:134,600
DA:138,0
DA:142,0
DA:143,0
DA:145,0
DA:146,0
DA:150,0
DA:154,0
DA:156,0
DA:160,0
DA:164,0
DA:166,0
DA:170,0
DA:174,0
DA:180,600
DA:184,600
DA:204,1
DA:206,1
DA:209,1
DA:213,1
DA:220,1
DA:227,605
DA:231,1
DA:233,1
DA:235,1
DA:236,1
DA:238,4
DA:240,4
DA:242,4
DA:243,4
DA:245,600
DA:248,600
DA:250,600
DA:253,0
DA:256,0
DA:260,0
DA:266,600
DA:269,600
DA:273,600
DA:275,600
DA:277,0
DA:280,0
DA:282,0
DA:285,0
DA:286,0
DA:289,0
DA:293,0
DA:300,0
DA:304,0
DA:306,0
DA:310,605
DA:314,0
DA:316,0
DA:317,0
DA:320,605
DA:322,605
DA:323,604
DA:326,0
DA:328,0
DA:330,0
DA:331,0
DA:335,604
DA:337,604
DA:339,0
DA:345,1
DA:348,1
DA:350,1
DA:362,1
DA:368,1
DA:369,1
DA:370,1
DA:384,605
DA:389,605
DA:394,605
DA:396,604
DA:399,4
DA:401,4
DA:405,4
DA:406,4
DA:407,4
DA:410,4
DA:412,600
DA:414,600
DA:418,600
DA:419,600
DA:420,600
DA:423,600
DA:427,604
DA:429,0
DA:433,604
DA:435,604
DA:449,0
DA:454,0
DA:459,0
DA:461,0
DA:464,0
DA:466,0
DA:470,0
DA:471,0
DA:472,0
DA:475,0
DA:479,0
DA:481,0
DA:485,0
DA:487,0
end_of_record
TN:
SF:/home/atcsol/git/JOSE_PHOTOSAT/uah_photsat_freertos/asw/components/ccobsmng/include/public/ccobsmng_iface_v1.h
end_of_record
SF:/home/atcsol/git/JOSE_PHOTOSAT/uah_photsat_freertos/asw/components/ccobsmng/src/CCObsMngS.cpp
FN:13,_ZN8CCObsMngC2Ejj15TEDROOMPriorityjPNS_13CEDROOMMemoryE
FNDA:1,_ZN8CCObsMngC2Ejj15TEDROOMPriorityjPNS_13CEDROOMMemoryE
FN:50,_ZN8CCObsMng12EDROOMConfigEv
FNDA:0,_ZN8CCObsMng12EDROOMConfigEv
FN:61,_ZN8CCObsMng11EDROOMStartEv
FNDA:1,_ZN8CCObsMng11EDROOMStartEv
FN:86,_ZN8CCObsMng15EDROOMBehaviourEv
FNDA:1,_ZN8CCObsMng15EDROOMBehaviourEv
FN:115,_ZN8CCObsMng13CEDROOMMemory9SetMemoryEjP14CEDROOMMessagePbjPN12CEDROOMQueue10CQueueNodeES3_
FNDA:1,_ZN8CCObsMng13CEDROOMMemory9SetMemoryEjP14CEDROOMMessagePbjPN12CEDROOMQueue10CQueueNodeES3_
DA:13,1
DA:17,1
DA:24,1
DA:28,1
DA:29,1
DA:33,2
DA:39,1
DA:50,0
DA:54,0
DA:61,1
DA:67,1
DA:71,1
DA:73,1
DA:86,1
DA:89,1
DA:90,1
DA:92,0
DA:115,1
DA:123,1
DA:124,1
DA:126,1
DA:129,1
end_of_record
SF:/home/atcsol/git/JOSE_PHOTOSAT/uah_photsat_freertos/service_libraries/edroomsl/edroomsl/include/edroomsl/edroomsl.h
end_of_record
SF:/home/atcsol/git/JOSE_PHOTOSAT/uah_photsat_freertos/service_libraries/edroomsl/edroombp/include/public/edroombp.h
FN:192,_ZN12Pr_SemaphoreD2Ev
FNDA:0,_ZN12Pr_SemaphoreD2Ev
FN:261,_ZN15Pr_SemaphoreBinD2Ev
FNDA:0,_ZN15Pr_SemaphoreBinD2Ev
FN:337,_ZN15Pr_SemaphoreRecD2Ev
FNDA:0,_ZN15Pr_SemaphoreRecD2Ev
FN:533,_ZN7Pr_TaskD2Ev
FNDA:0,_ZN7Pr_TaskD2Ev
DA:192,0
DA:194,0
DA:195,0
DA:261,0
DA:264,0
DA:337,0
DA:533,0
DA:536,0
end_of_record
TN:
SF:/home/atcsol/git/JOSE_PHOTOSAT/uah_photsat_freertos/asw/components/ccbkgtcexec/include/public/ccbkgtcexec_iface_v1.h
FN:195,_ZN11CCBKGTCExec16EDROOM_CTX_Top_016EDROOMNewMessageEv
FNDA:1,_ZN11CCBKGTCExec16EDROOM_CTX_Top_016EDROOMNewMessageEv
DA:195,1
DA:196,1
end_of_record
SF:/home/atcsol/git/JOSE_PHOTOSAT/uah_photsat_freertos/asw/components/ccbkgtcexec/src/CCBKGTCExecB.cpp
FN:13,_ZN11CCBKGTCExec16EDROOM_CTX_Top_0C2ERS_
FNDA:1,_ZN11CCBKGTCExec16EDROOM_CTX_Top_0C2ERS_
FN:22,_ZN11CCBKGTCExec16EDROOM_CTX_Top_0C2ERS0_
FNDA:0,_ZN11CCBKGTCExec16EDROOM_CTX_Top_0C2ERS0_
FN:34,_ZN11CCBKGTCExec16EDROOM_CTX_Top_024EDROOMSearchContextTransER14TEDROOMTransId
FNDA:0,_ZN11CCBKGTCExec16EDROOM_CTX_Top_024EDROOMSearchContextTransER14TEDROOMTransId
FN:58,_ZN11CCBKGTCExec16EDROOM_CTX_Top_010FExecBKGTCEv
FNDA:0,_ZN11CCBKGTCExec16EDROOM_CTX_Top_010FExecBKGTCEv
FN:87,_ZN11CCBKGTCExec16EDROOM_SUB_Top_0C2ERS_
FNDA:1,_ZN11CCBKGTCExec16EDROOM_SUB_Top_0C2ERS_
FN:95,_ZN11CCBKGTCExec16EDROOM_SUB_Top_015EDROOMBehaviourEv
FNDA:1,_ZN11CCBKGTCExec16EDROOM_SUB_Top_015EDROOMBehaviourEv
FN:154,_ZN11CCBKGTCExec16EDROOM_SUB_Top_010EDROOMInitEv
FNDA:1,_ZN11CCBKGTCExec16EDROOM_SUB_Top_010EDROOMInitEv
FN:171,_ZN11CCBKGTCExec16EDROOM_SUB_Top_014EDROOMIArrivalEv
FNDA:1,_ZN11CCBKGTCExec16EDROOM_SUB_Top_014EDROOMIArrivalEv
FN:193,_ZN11CCBKGTCExec16EDROOM_SUB_Top_018EDROOMReadyArrivalEv
FNDA:1,_ZN11CCBKGTCExec16EDROOM_SUB_Top_018EDROOMReadyArrivalEv
DA:13,1
DA:15,1
DA:16,1
DA:17,1
DA:18,1
DA:20,1
DA:22,0
DA:24,0
DA:25,0
DA:26,0
DA:27,0
DA:30,0
DA:34,0
DA:38,0
DA:40,0
DA:43,0
DA:45,0
DA:46,0
DA:47,0
DA:48,0
DA:52,0
DA:58,0
DA:62,0
DA:67,0
DA:69,0
DA:87,1
DA:88,1
DA:91,1
DA:95,1
DA:102,1
DA:109,1
DA:113,1
DA:115,1
DA:116,1
DA:118,0
DA:120,0
DA:122,0
DA:123,0
DA:127,1
DA:131,0
DA:133,0
DA:134,0
DA:137,1
DA:139,1
DA:140,0
DA:144,0
DA:146,0
DA:148,0
DA:154,1
DA:157,1
DA:159,1
DA:171,1
DA:177,1
DA:178,1
DA:179,1
DA:193,1
DA:198,1
DA:203,1
DA:205,0
DA:208,0
DA:210,0
DA:214,0
DA:215,0
DA:216,0
DA:219,0
DA:223,0
DA:225,0
DA:229,0
DA:231,0
end_of_record
TN:
SF:/home/atcsol/git/JOSE_PHOTOSAT/uah_photsat_freertos/asw/components/ccbkgtcexec/include/public/ccbkgtcexec_iface_v1.h
end_of_record
SF:/home/atcsol/git/JOSE_PHOTOSAT/uah_photsat_freertos/asw/components/ccbkgtcexec/src/CCBKGTCExecS.cpp
FN:13,_ZN11CCBKGTCExecC2Ejj15TEDROOMPriorityjPNS_13CEDROOMMemoryE
FNDA:1,_ZN11CCBKGTCExecC2Ejj15TEDROOMPriorityjPNS_13CEDROOMMemoryE
FN:41,_ZN11CCBKGTCExec12EDROOMConfigEv
FNDA:0,_ZN11CCBKGTCExec12EDROOMConfigEv
FN:52,_ZN11CCBKGTCExec11EDROOMStartEv
FNDA:1,_ZN11CCBKGTCExec11EDROOMStartEv
FN:73,_ZN11CCBKGTCExec15EDROOMBehaviourEv
FNDA:1,_ZN11CCBKGTCExec15EDROOMBehaviourEv
FN:102,_ZN11CCBKGTCExec13CEDROOMMemory9SetMemoryEjP14CEDROOMMessagePbjPN12CEDROOMQueue10CQueueNodeES3_
FNDA:1,_ZN11CCBKGTCExec13CEDROOMMemory9SetMemoryEjP14CEDROOMMessagePbjPN12CEDROOMQueue10CQueueNodeES3_
DA:13,1
DA:17,1
DA:24,1
DA:30,1
DA:41,0
DA:45,0
DA:52,1
DA:58,1
DA:60,1
DA:73,1
DA:76,1
DA:77,1
DA:79,0
DA:102,1
DA:110,1
DA:111,1
DA:114,1
end_of_record
TN:
SF:/home/atcsol/git/JOSE_PHOTOSAT/uah_photsat_freertos/asw/components/cctcmanager/src/CCTCManagerS.cpp
FN:25,_ZN11CCTCManager33EDROOMIRQ18HandlerTopHalfFunctionEv
FNDA:0,_ZN11CCTCManager33EDROOMIRQ18HandlerTopHalfFunctionEv
FN:47,_ZN11CCTCManager18EDROOMIRQ18HandlerEv
FNDA:0,_ZN11CCTCManager18EDROOMIRQ18HandlerEv
FN:57,_ZN11CCTCManager22EDROOMIRQ18IdleHandlerEv
FNDA:0,_ZN11CCTCManager22EDROOMIRQ18IdleHandlerEv
FN:65,_ZN11CCTCManager25EDROOMIRQ18BottomHalfTaskEv
FNDA:1,_ZN11CCTCManager25EDROOMIRQ18BottomHalfTaskEv
FN:126,_ZN11CCTCManagerC2Ejj15TEDROOMPriorityjPNS_13CEDROOMMemoryE
FNDA:1,_ZN11CCTCManagerC2Ejj15TEDROOMPriorityjPNS_13CEDROOMMemoryE
FN:158,_ZN11CCTCManager12EDROOMConfigEv
FNDA:0,_ZN11CCTCManager12EDROOMConfigEv
FN:169,_ZN11CCTCManager11EDROOMStartEv
FNDA:1,_ZN11CCTCManager11EDROOMStartEv
FN:190,_ZN11CCTCManager15EDROOMBehaviourEv
FNDA:1,_ZN11CCTCManager15EDROOMBehaviourEv
FN:223,_ZN11CCTCManager13CEDROOMMemory9SetMemoryEjP14CEDROOMMessagePbjPN12CEDROOMQueue10CQueueNodeES3_
FNDA:1,_ZN11CCTCManager13CEDROOMMemory9SetMemoryEjP14CEDROOMMessagePbjPN12CEDROOMQueue10CQueueNodeES3_
DA:25,0
DA:27,0
DA:38,0
DA:39,0
DA:41,0
DA:47,0
DA:49,0
DA:51,0
DA:57,0
DA:59,0
DA:65,1
DA:67,1
DA:72,10
DA:74,9
DA:76,9
DA:80,9
DA:84,9
DA:88,9
DA:90,9
DA:93,9
DA:95,9
DA:97,9
DA:100,9
DA:102,0
DA:104,9
DA:106,0
DA:126,1
DA:130,1
DA:137,1
DA:141,1
DA:147,1
DA:158,0
DA:162,0
DA:169,1
DA:175,1
DA:177,1
DA:190,1
DA:193,1
DA:194,1
DA:199,0
DA:200,0
DA:223,1
DA:231,1
DA:232,1
DA:235,1
end_of_record
SF:/home/atcsol/git/JOSE_PHOTOSAT/uah_photsat_freertos/service_libraries/edroomsl/edroomsl/include/edroomsl/edroomsl.h
FN:115,_ZN11CEDROOMPoolD0Ev
FNDA:0,_ZN11CEDROOMPoolD0Ev
FN:115,_ZN11CEDROOMPoolD2Ev
FNDA:0,_ZN11CEDROOMPoolD2Ev
FN:236,_ZN17CEDROOMMemoryPoolD0Ev
FNDA:0,_ZN17CEDROOMMemoryPoolD0Ev
FN:236,_ZN17CEDROOMMemoryPoolD2Ev
FNDA:0,_ZN17CEDROOMMemoryPoolD2Ev
FN:314,_ZN26CEDROOMProtectedMemoryPoolD0Ev
FNDA:0,_ZN26CEDROOMProtectedMemoryPoolD0Ev
FN:314,_ZN26CEDROOMProtectedMemoryPoolD2Ev
FNDA:0,_ZN26CEDROOMProtectedMemoryPoolD2Ev
DA:115,0
DA:115,0
DA:236,0
DA:236,0
DA:314,0
DA:314,0
end_of_record
SF:/home/atcsol/git/JOSE_PHOTOSAT/uah_photsat_freertos/service_libraries/edroomsl/edroombp/include/public/edroombp.h
FN:192,_ZN12Pr_SemaphoreD2Ev
FNDA:0,_ZN12Pr_SemaphoreD2Ev
FN:261,_ZN15Pr_SemaphoreBinD2Ev
FNDA:0,_ZN15Pr_SemaphoreBinD2Ev
FN:337,_ZN15Pr_SemaphoreRecD2Ev
FNDA:0,_ZN15Pr_SemaphoreRecD2Ev
FN:533,_ZN7Pr_TaskD2Ev
FNDA:0,_ZN7Pr_TaskD2Ev
DA:192,0
DA:194,0
DA:195,0
DA:261,0
DA:264,0
DA:337,0
DA:533,0
DA:536,0
end_of_record
SF:/home/atcsol/git/JOSE_PHOTOSAT/uah_photsat_freertos/asw/components/cctcmanager/include/public/cctcmanager_iface_v1.h
FN:141,_ZN11CCTCManager33CEDROOMPOOLIRQ18CDTCMemDescriptorC2Ev
FNDA:1,_ZN11CCTCManager33CEDROOMPOOLIRQ18CDTCMemDescriptorC2Ev
FN:143,_ZN11CCTCManager33CEDROOMPOOLIRQ18CDTCMemDescriptor9AllocDataEv
FNDA:9,_ZN11CCTCManager33CEDROOMPOOLIRQ18CDTCMemDescriptor9AllocDataEv
DA:141,1
DA:143,9
end_of_record
TN:
SF:/home/atcsol/git/JOSE_PHOTOSAT/uah_photsat_freertos/asw/components/cctcmanager/include/public/cctcmanager_iface_v1.h
FN:301,_ZN11CCTCManager16EDROOM_CTX_Top_016EDROOMNewMessageEv
FNDA:11,_ZN11CCTCManager16EDROOM_CTX_Top_016EDROOMNewMessageEv
DA:301,11
DA:302,11
end_of_record
SF:/home/atcsol/git/JOSE_PHOTOSAT/uah_photsat_freertos/asw/dataclasses/CDTCExecCtrl/include/public/cdtcexecctrl.h
FN:25,_ZN12CDTCExecCtrl10IsRebootTCEv
FNDA:11,_ZN12CDTCExecCtrl10IsRebootTCEv
FN:41,_ZN12CDTCExecCtrl11IsHK_FDIRTCEv
FNDA:10,_ZN12CDTCExecCtrl11IsHK_FDIRTCEv
FN:45,_ZN12CDTCExecCtrl10IsObservTCEv
FNDA:4,_ZN12CDTCExecCtrl10IsObservTCEv
FN:52,_ZN12CDTCExecCtrl7IsBKGTCEv
FNDA:4,_ZN12CDTCExecCtrl7IsBKGTCEv
DA:25,11
DA:41,10
DA:45,4
DA:52,4
end_of_record
SF:/home/atcsol/git/JOSE_PHOTOSAT/uah_photsat_freertos/asw/dataclasses/CDEvAction/include/public/cdevaction.h
FN:18,_ZN10CDEvAction18GetActionTCHandlerEv
FNDA:2,_ZN10CDEvAction18GetActionTCHandlerEv
DA:18,2
DA:20,2
end_of_record
SF:/home/atcsol/git/JOSE_PHOTOSAT/uah_photsat_freertos/asw/dataclasses/CDTCAcceptReport/include/public/cdtcacceptreport.h
FN:16,_ZN16CDTCAcceptReportC2Ev
FNDA:0,_ZN16CDTCAcceptReportC2Ev
FN:21,_ZN16CDTCAcceptReport10IsAcceptedEv
FNDA:9,_ZN16CDTCAcceptReport10IsAcceptedEv
DA:16,0
DA:17,0
DA:18,0
DA:21,9
DA:22,9
end_of_record
SF:/home/atcsol/git/JOSE_PHOTOSAT/uah_photsat_freertos/asw/components/cctcmanager/src/CCTCManagerB.cpp
FN:13,_ZN11CCTCManager16EDROOM_CTX_Top_0C2ERS_R16CDTCAcceptReportR11CDTCHandlerR12CDTCExecCtrlRNS0_22CEDROOMPOOLCDTCHandlerE
FNDA:1,_ZN11CCTCManager16EDROOM_CTX_Top_0C2ERS_R16CDTCAcceptReportR11CDTCHandlerR12CDTCExecCtrlRNS0_22CEDROOMPOOLCDTCHandlerE
FN:33,_ZN11CCTCManager16EDROOM_CTX_Top_0C2ERS0_
FNDA:0,_ZN11CCTCManager16EDROOM_CTX_Top_0C2ERS0_
FN:52,_ZN11CCTCManager16EDROOM_CTX_Top_024EDROOMSearchContextTransER14TEDROOMTransId
FNDA:0,_ZN11CCTCManager16EDROOM_CTX_Top_024EDROOMSearchContextTransER14TEDROOMTransId
FN:76,_ZN11CCTCManager16EDROOM_CTX_Top_07FExecTCEv
FNDA:1,_ZN11CCTCManager16EDROOM_CTX_Top_07FExecTCEv
FN:86,_ZN11CCTCManager16EDROOM_CTX_Top_013FFwdHK_FDIRTCEv
FNDA:6,_ZN11CCTCManager16EDROOM_CTX_Top_013FFwdHK_FDIRTCEv
FN:101,_ZN11CCTCManager16EDROOM_CTX_Top_015FFwdToBKGTCExecEv
FNDA:0,_ZN11CCTCManager16EDROOM_CTX_Top_015FFwdToBKGTCExecEv
FN:116,_ZN11CCTCManager16EDROOM_CTX_Top_014FFwdToObsMngTCEv
FNDA:4,_ZN11CCTCManager16EDROOM_CTX_Top_014FFwdToObsMngTCEv
FN:131,_ZN11CCTCManager16EDROOM_CTX_Top_012FGetEvActionEv
FNDA:2,_ZN11CCTCManager16EDROOM_CTX_Top_012FGetEvActionEv
FN:149,_ZN11CCTCManager16EDROOM_CTX_Top_06FGetTCEv
FNDA:9,_ZN11CCTCManager16EDROOM_CTX_Top_06FGetTCEv
FN:165,_ZN11CCTCManager16EDROOM_CTX_Top_05FInitEv
FNDA:1,_ZN11CCTCManager16EDROOM_CTX_Top_05FInitEv
FN:181,_ZN11CCTCManager16EDROOM_CTX_Top_017FMngTCAcceptationEv
FNDA:9,_ZN11CCTCManager16EDROOM_CTX_Top_017FMngTCAcceptationEv
FN:193,_ZN11CCTCManager16EDROOM_CTX_Top_015FMngTCRejectionEv
FNDA:0,_ZN11CCTCManager16EDROOM_CTX_Top_015FMngTCRejectionEv
FN:206,_ZN11CCTCManager16EDROOM_CTX_Top_07FRebootEv
FNDA:1,_ZN11CCTCManager16EDROOM_CTX_Top_07FRebootEv
FN:216,_ZN11CCTCManager16EDROOM_CTX_Top_011FTCExecCtrlEv
FNDA:11,_ZN11CCTCManager16EDROOM_CTX_Top_011FTCExecCtrlEv
FN:226,_ZN11CCTCManager16EDROOM_CTX_Top_09GAcceptTCEv
FNDA:9,_ZN11CCTCManager16EDROOM_CTX_Top_09GAcceptTCEv
FN:236,_ZN11CCTCManager16EDROOM_CTX_Top_010GFwdObsMngEv
FNDA:4,_ZN11CCTCManager16EDROOM_CTX_Top_010GFwdObsMngEv
FN:246,_ZN11CCTCManager16EDROOM_CTX_Top_015GFwdToBKGTCExecEv
FNDA:4,_ZN11CCTCManager16EDROOM_CTX_Top_015GFwdToBKGTCExecEv
FN:256,_ZN11CCTCManager16EDROOM_CTX_Top_013GFwdToHK_FDIREv
FNDA:10,_ZN11CCTCManager16EDROOM_CTX_Top_013GFwdToHK_FDIREv
FN:266,_ZN11CCTCManager16EDROOM_CTX_Top_09GToRebootEv
FNDA:11,_ZN11CCTCManager16EDROOM_CTX_Top_09GToRebootEv
FN:280,_ZN11CCTCManager16EDROOM_CTX_Top_022CEDROOMPOOLCDTCHandlerC2EjP11CDTCHandlerPb
FNDA:1,_ZN11CCTCManager16EDROOM_CTX_Top_022CEDROOMPOOLCDTCHandlerC2EjP11CDTCHandlerPb
FN:287,_ZN11CCTCManager16EDROOM_CTX_Top_022CEDROOMPOOLCDTCHandler9AllocDataEv
FNDA:10,_ZN11CCTCManager16EDROOM_CTX_Top_022CEDROOMPOOLCDTCHandler9AllocDataEv
FN:304,_ZN11CCTCManager16EDROOM_SUB_Top_0C2ERS_PNS_13CEDROOMMemoryE
FNDA:1,_ZN11CCTCManager16EDROOM_SUB_Top_0C2ERS_PNS_13CEDROOMMemoryE
FN:320,_ZN11CCTCManager16EDROOM_SUB_Top_015EDROOMBehaviourEv
FNDA:1,_ZN11CCTCManager16EDROOM_SUB_Top_015EDROOMBehaviourEv
FN:498,_ZN11CCTCManager16EDROOM_SUB_Top_010EDROOMInitEv
FNDA:1,_ZN11CCTCManager16EDROOM_SUB_Top_010EDROOMInitEv
FN:515,_ZN11CCTCManager16EDROOM_SUB_Top_014EDROOMIArrivalEv
FNDA:1,_ZN11CCTCManager16EDROOM_SUB_Top_014EDROOMIArrivalEv
FN:537,_ZN11CCTCManager16EDROOM_SUB_Top_020EDROOMValidTCArrivalEv
FNDA:11,_ZN11CCTCManager16EDROOM_SUB_Top_020EDROOMValidTCArrivalEv
FN:559,_ZN11CCTCManager16EDROOM_SUB_Top_018EDROOMReadyArrivalEv
FNDA:11,_ZN11CCTCManager16EDROOM_SUB_Top_018EDROOMReadyArrivalEv
FN:624,_ZN11CCTCManager16EDROOM_SUB_Top_019EDROOMRebootArrivalEv
FNDA:0,_ZN11CCTCManager16EDROOM_SUB_Top_019EDROOMRebootArrivalEv
DA:13,1
DA:17,1
DA:19,1
DA:20,1
DA:21,1
DA:22,1
DA:23,1
DA:24,1
DA:25,1
DA:26,1
DA:27,1
DA:28,1
DA:29,1
DA:31,1
DA:33,0
DA:35,0
DA:36,0
DA:37,0
DA:38,0
DA:39,0
DA:40,0
DA:41,0
DA:42,0
DA:43,0
DA:44,0
DA:45,0
DA:48,0
DA:52,0
DA:56,0
DA:58,0
DA:61,0
DA:63,0
DA:64,0
DA:65,0
DA:66,0
DA:70,0
DA:76,1
DA:80,1
DA:82,1
DA:86,6
DA:90,6
DA:94,6
DA:96,6
DA:97,6
DA:101,0
DA:105,0
DA:109,0
DA:111,0
DA:112,0
DA:116,4
DA:120,4
DA:124,4
DA:126,4
DA:127,4
DA:131,2
DA:135,2
DA:140,2
DA:145,2
DA:149,9
DA:153,9
DA:156,9
DA:159,9
DA:161,9
DA:165,1
DA:169,1
DA:171,1
DA:173,1
DA:175,1
DA:177,1
DA:181,9
DA:186,9
DA:189,9
DA:193,0
DA:199,0
DA:202,0
DA:206,1
DA:210,1
DA:212,0
DA:216,11
DA:220,11
DA:222,11
DA:226,9
DA:230,9
DA:236,4
DA:240,4
DA:246,4
DA:250,4
DA:256,10
DA:260,10
DA:266,11
DA:270,11
DA:280,1
DA:281,1
DA:283,1
DA:285,1
DA:287,10
DA:289,10
DA:304,1
DA:305,1
DA:307,1
DA:308,1
DA:309,1
DA:310,1
DA:311,1
DA:312,1
DA:313,1
DA:316,1
DA:320,1
DA:327,1
DA:334,23
DA:338,1
DA:340,1
DA:342,1
DA:343,1
DA:345,9
DA:348,9
DA:350,9
DA:353,9
DA:356,9
DA:360,9
DA:366,0
DA:369,0
DA:373,0
DA:375,9
DA:377,2
DA:379,2
DA:381,2
DA:382,2
DA:384,11
DA:387,11
DA:389,11
DA:392,1
DA:395,1
DA:399,1
DA:402,10
DA:405,6
DA:408,6
DA:412,6
DA:415,4
DA:418,0
DA:421,0
DA:425,0
DA:428,4
DA:431,4
DA:434,4
DA:438,4
DA:444,0
DA:447,0
DA:451,0
DA:453,11
DA:457,23
DA:461,0
DA:463,0
DA:464,0
DA:467,11
DA:469,11
DA:470,11
DA:473,1
DA:475,1
DA:477,0
DA:478,0
DA:481,11
DA:483,11
DA:484,11
DA:488,22
DA:490,22
DA:492,0
DA:498,1
DA:501,1
DA:503,1
DA:515,1
DA:521,1
DA:522,1
DA:523,1
DA:537,11
DA:543,11
DA:544,11
DA:545,11
DA:559,11
DA:564,11
DA:569,11
DA:571,11
DA:574,9
DA:576,9
DA:580,9
DA:581,9
DA:582,9
DA:585,9
DA:587,2
DA:589,2
DA:593,2
DA:594,2
DA:595,2
DA:598,2
DA:602,11
DA:604,0
DA:608,11
DA:610,11
DA:624,0
DA:629,0
DA:634,0
DA:636,0
DA:638,0
DA:642,0
DA:644,0
end_of_record
SF:/home/atcsol/git/JOSE_PHOTOSAT/uah_photsat_freertos/service_libraries/edroomsl/edroombp/include/public/edroombp.h
FN:192,_ZN12Pr_SemaphoreD2Ev
FNDA:0,_ZN12Pr_SemaphoreD2Ev
FN:337,_ZN15Pr_SemaphoreRecD2Ev
FNDA:0,_ZN15Pr_SemaphoreRecD2Ev
DA:192,0
DA:194,0
DA:195,0
DA:337,0
end_of_record
SF:/home/atcsol/git/JOSE_PHOTOSAT/uah_photsat_freertos/service_libraries/edroomsl/edroomsl/include/edroomsl/edroomsl.h
FN:115,_ZN11CEDROOMPoolD0Ev
FNDA:0,_ZN11CEDROOMPoolD0Ev
FN:115,_ZN11CEDROOMPoolD2Ev
FNDA:0,_ZN11CEDROOMPoolD2Ev
FN:236,_ZN17CEDROOMMemoryPoolD0Ev
FNDA:0,_ZN17CEDROOMMemoryPoolD0Ev
FN:236,_ZN17CEDROOMMemoryPoolD2Ev
FNDA:0,_ZN17CEDROOMMemoryPoolD2Ev
FN:314,_ZN26CEDROOMProtectedMemoryPoolD0Ev
FNDA:0,_ZN26CEDROOMProtectedMemoryPoolD0Ev
FN:314,_ZN26CEDROOMProtectedMemoryPoolD2Ev
FNDA:0,_ZN26CEDROOMProtectedMemoryPoolD2Ev
DA:115,0
DA:115,0
DA:236,0
DA:236,0
DA:314,0
DA:314,0
end_of_record
TN:
SF:/home/atcsol/git/JOSE_PHOTOSAT/uah_photsat_freertos/asw/components/uahphotsat/src/UAHPhotSatB.cpp
FN:13,_ZN10UAHPhotSat16EDROOM_CTX_Top_0C2ERS_R7Pr_Time
FNDA:1,_ZN10UAHPhotSat16EDROOM_CTX_Top_0C2ERS_R7Pr_Time
FN:24,_ZN10UAHPhotSat16EDROOM_CTX_Top_0C2ERS0_
FNDA:0,_ZN10UAHPhotSat16EDROOM_CTX_Top_0C2ERS0_
FN:37,_ZN10UAHPhotSat16EDROOM_CTX_Top_024EDROOMSearchContextTransER14TEDROOMTransId
FNDA:0,_ZN10UAHPhotSat16EDROOM_CTX_Top_024EDROOMSearchContextTransER14TEDROOMTransId
FN:61,_ZN10UAHPhotSat16EDROOM_CTX_Top_08FEmuInitEv
FNDA:1,_ZN10UAHPhotSat16EDROOM_CTX_Top_08FEmuInitEv
FN:81,_ZN10UAHPhotSat16EDROOM_CTX_Top_014FEmuRxTimeCodeEv
FNDA:60,_ZN10UAHPhotSat16EDROOM_CTX_Top_014FEmuRxTimeCodeEv
FN:93,_ZN10UAHPhotSat16EDROOM_CTX_Top_010FProgTimerEv
FNDA:60,_ZN10UAHPhotSat16EDROOM_CTX_Top_010FProgTimerEv
FN:123,_ZN10UAHPhotSat16EDROOM_SUB_Top_0C2ERS_
FNDA:1,_ZN10UAHPhotSat16EDROOM_SUB_Top_0C2ERS_
FN:132,_ZN10UAHPhotSat16EDROOM_SUB_Top_015EDROOMBehaviourEv
FNDA:1,_ZN10UAHPhotSat16EDROOM_SUB_Top_015EDROOMBehaviourEv
FN:195,_ZN10UAHPhotSat16EDROOM_SUB_Top_010EDROOMInitEv
FNDA:1,_ZN10UAHPhotSat16EDROOM_SUB_Top_010EDROOMInitEv
FN:212,_ZN10UAHPhotSat16EDROOM_SUB_Top_014EDROOMIArrivalEv
FNDA:1,_ZN10UAHPhotSat16EDROOM_SUB_Top_014EDROOMIArrivalEv
FN:234,_ZN10UAHPhotSat16EDROOM_SUB_Top_018EDROOMReadyArrivalEv
FNDA:60,_ZN10UAHPhotSat16EDROOM_SUB_Top_018EDROOMReadyArrivalEv
DA:13,1
DA:14,1
DA:16,1
DA:17,1
DA:18,1
DA:19,1
DA:20,1
DA:22,1
DA:24,0
DA:26,0
DA:27,0
DA:28,0
DA:29,0
DA:30,0
DA:33,0
DA:37,0
DA:41,0
DA:43,0
DA:46,0
DA:48,0
DA:49,0
DA:50,0
DA:51,0
DA:55,0
DA:61,1
DA:65,1
DA:67,1
DA:69,1
DA:71,1
DA:72,1
DA:74,1
DA:76,1
DA:77,1
DA:81,60
DA:86,60
DA:89,59
DA:93,60
DA:97,60
DA:100,60
DA:102,60
DA:104,60
DA:105,60
DA:123,1
DA:125,1
DA:128,1
DA:132,1
DA:139,1
DA:146,61
DA:150,1
DA:152,1
DA:154,1
DA:155,1
DA:157,60
DA:159,60
DA:161,59
DA:162,59
DA:166,60
DA:170,0
DA:172,0
DA:173,0
DA:176,60
DA:178,60
DA:180,60
DA:181,60
DA:185,60
DA:187,60
DA:189,0
DA:195,1
DA:198,1
DA:200,1
DA:212,1
DA:218,1
DA:219,1
DA:220,1
DA:234,60
DA:239,60
DA:244,60
DA:246,60
DA:249,60
DA:251,60
DA:255,60
DA:256,60
DA:257,60
DA:260,60
DA:264,60
DA:266,0
DA:270,60
DA:272,60
end_of_record
SF:/home/atcsol/git/JOSE_PHOTOSAT/uah_photsat_freertos/asw/components/uahphotsat/include/public/uahphotsat_iface_v1.h
FN:220,_ZN10UAHPhotSat16EDROOM_CTX_Top_016EDROOMNewMessageEv
FNDA:60,_ZN10UAHPhotSat16EDROOM_CTX_Top_016EDROOMNewMessageEv
DA:220,60
DA:221,60
end_of_record
TN:
SF:/home/atcsol/git/JOSE_PHOTOSAT/uah_photsat_freertos/service_libraries/edroomsl/edroomsl/include/edroomsl/edroomsl.h
end_of_record
SF:/home/atcsol/git/JOSE_PHOTOSAT/uah_photsat_freertos/service_libraries/edroomsl/edroombp/include/public/edroombp.h
FN:192,_ZN12Pr_SemaphoreD2Ev
FNDA:0,_ZN12Pr_SemaphoreD2Ev
FN:261,_ZN15Pr_SemaphoreBinD2Ev
FNDA:0,_ZN15Pr_SemaphoreBinD2Ev
FN:337,_ZN15Pr_SemaphoreRecD2Ev
FNDA:0,_ZN15Pr_SemaphoreRecD2Ev
FN:533,_ZN7Pr_TaskD2Ev
FNDA:0,_ZN7Pr_TaskD2Ev
DA:192,0
DA:194,0
DA:195,0
DA:261,0
DA:264,0
DA:337,0
DA:533,0
DA:536,0
end_of_record
SF:/home/atcsol/git/JOSE_PHOTOSAT/uah_photsat_freertos/asw/components/uahphotsat/include/public/uahphotsat_iface_v1.h
end_of_record
SF:/home/atcsol/git/JOSE_PHOTOSAT/uah_photsat_freertos/asw/components/uahphotsat/src/UAHPhotSatS.cpp
FN:13,_ZN10UAHPhotSatC2Ejj15TEDROOMPriorityjPNS_13CEDROOMMemoryE
FNDA:1,_ZN10UAHPhotSatC2Ejj15TEDROOMPriorityjPNS_13CEDROOMMemoryE
FN:49,_ZN10UAHPhotSat12EDROOMConfigEv
FNDA:0,_ZN10UAHPhotSat12EDROOMConfigEv
FN:60,_ZN10UAHPhotSat11EDROOMStartEv
FNDA:1,_ZN10UAHPhotSat11EDROOMStartEv
FN:85,_ZN10UAHPhotSat15EDROOMBehaviourEv
FNDA:1,_ZN10UAHPhotSat15EDROOMBehaviourEv
FN:114,_ZN10UAHPhotSat13CEDROOMMemory9SetMemoryEjP14CEDROOMMessagePbjPN12CEDROOMQueue10CQueueNodeES3_
FNDA:1,_ZN10UAHPhotSat13CEDROOMMemory9SetMemoryEjP14CEDROOMMessagePbjPN12CEDROOMQueue10CQueueNodeES3_
DA:13,1
DA:17,1
DA:24,1
DA:28,1
DA:32,2
DA:38,1
DA:49,0
DA:53,0
DA:60,1
DA:66,1
DA:70,1
DA:72,1
DA:85,1
DA:88,1
DA:89,1
DA:91,0
DA:114,1
DA:122,1
DA:123,1
DA:125,1
DA:128,1
end_of_record
TN:
SF:/home/atcsol/git/JOSE_PHOTOSAT/uah_photsat_freertos/asw/components/cctcmanager/include/public/cctcmanager_iface_v1.h
end_of_record
SF:/home/atcsol/git/JOSE_PHOTOSAT/uah_photsat_freertos/asw/components/cchk_fdirmng/include/public/cchk_fdirmng_iface_v1.h
end_of_record
SF:/home/atcsol/git/JOSE_PHOTOSAT/uah_photsat_freertos/asw/components/ccobsmng/include/public/ccobsmng_iface_v1.h
end_of_record
SF:/home/atcsol/git/JOSE_PHOTOSAT/uah_photsat_freertos/uahphotsat_mmesp_project.cpp
FN:25,main
FNDA:1,main
DA:25,1
DA:36,1
DA:37,1
DA:38,1
DA:39,1
DA:40,1
DA:42,1
DA:44,1
DA:46,0
DA:48,0
end_of_record
SF:/home/atcsol/git/JOSE_PHOTOSAT/uah_photsat_freertos/asw/edroom_glue/include/edroom_glue/edroomdeployment.h
FN:164,_ZN23CEDROOMSystemDeployment14GetComp1MemoryEv
FNDA:1,_ZN23CEDROOMSystemDeployment14GetComp1MemoryEv
FN:165,_ZN23CEDROOMSystemDeployment14GetComp2MemoryEv
FNDA:1,_ZN23CEDROOMSystemDeployment14GetComp2MemoryEv
FN:166,_ZN23CEDROOMSystemDeployment14GetComp3MemoryEv
FNDA:1,_ZN23CEDROOMSystemDeployment14GetComp3MemoryEv
FN:167,_ZN23CEDROOMSystemDeployment14GetComp4MemoryEv
FNDA:1,_ZN23CEDROOMSystemDeployment14GetComp4MemoryEv
FN:168,_ZN23CEDROOMSystemDeployment14GetComp5MemoryEv
FNDA:1,_ZN23CEDROOMSystemDeployment14GetComp5MemoryEv
DA:164,1
DA:165,1
DA:166,1
DA:167,1
DA:168,1
end_of_record
SF:/home/atcsol/git/JOSE_PHOTOSAT/uah_photsat_freertos/asw/components/uahphotsat/include/public/uahphotsat_iface_v1.h
end_of_record
SF:/home/atcsol/git/JOSE_PHOTOSAT/uah_photsat_freertos/service_libraries/edroomsl/edroombp/include/public/edroombp.h
FN:122,_ZN9Pr_KernelD2Ev
FNDA:0,_ZN9Pr_KernelD2Ev
FN:192,_ZN12Pr_SemaphoreD2Ev
FNDA:0,_ZN12Pr_SemaphoreD2Ev
FN:261,_ZN15Pr_SemaphoreBinD2Ev
FNDA:0,_ZN15Pr_SemaphoreBinD2Ev
FN:337,_ZN15Pr_SemaphoreRecD2Ev
FNDA:0,_ZN15Pr_SemaphoreRecD2Ev
FN:533,_ZN7Pr_TaskD2Ev
FNDA:0,_ZN7Pr_TaskD2Ev
DA:122,0
DA:192,0
DA:194,0
DA:195,0
DA:261,0
DA:264,0
DA:337,0
DA:533,0
DA:536,0
end_of_record
SF:/home/atcsol/git/JOSE_PHOTOSAT/uah_photsat_freertos/service_libraries/edroomsl/edroomsl/include/edroomsl/edroomsl.h
FN:115,_ZN11CEDROOMPoolD0Ev
FNDA:0,_ZN11CEDROOMPoolD0Ev
FN:115,_ZN11CEDROOMPoolD2Ev
FNDA:0,_ZN11CEDROOMPoolD2Ev
FN:236,_ZN17CEDROOMMemoryPoolD0Ev
FNDA:0,_ZN17CEDROOMMemoryPoolD0Ev
FN:236,_ZN17CEDROOMMemoryPoolD2Ev
FNDA:0,_ZN17CEDROOMMemoryPoolD2Ev
FN:314,_ZN26CEDROOMProtectedMemoryPoolD0Ev
FNDA:0,_ZN26CEDROOMProtectedMemoryPoolD0Ev
FN:314,_ZN26CEDROOMProtectedMemoryPoolD2Ev
FNDA:0,_ZN26CEDROOMProtectedMemoryPoolD2Ev
FN:726,_ZN19CEDROOMMessagesPoolD0Ev
FNDA:0,_ZN19CEDROOMMessagesPoolD0Ev
FN:726,_ZN19CEDROOMMessagesPoolD2Ev
FNDA:0,_ZN19CEDROOMMessagesPoolD2Ev
FN:761,_ZN26CEDROOMTimeOutMessagesPoolD0Ev
FNDA:0,_ZN26CEDROOMTimeOutMessagesPoolD0Ev
FN:761,_ZN26CEDROOMTimeOutMessagesPoolD2Ev
FNDA:0,_ZN26CEDROOMTimeOutMessagesPoolD2Ev
FN:1812,_ZN16CEDROOMTXChannelD0Ev
FNDA:0,_ZN16CEDROOMTXChannelD0Ev
FN:1812,_ZN16CEDROOMTXChannelD2Ev
FNDA:0,_ZN16CEDROOMTXChannelD2Ev
FN:1883,_ZN21CEDROOMLocalTXChannelD0Ev
FNDA:0,_ZN21CEDROOMLocalTXChannelD0Ev
FN:1883,_ZN21CEDROOMLocalTXChannelD2Ev
FNDA:0,_ZN21CEDROOMLocalTXChannelD2Ev
DA:115,0
DA:115,0
DA:236,0
DA:236,0
DA:314,0
DA:314,0
DA:726,0
DA:726,0
DA:761,0
DA:761,0
DA:1812,0
DA:1812,0
DA:1883,0
DA:1883,0
end_of_record
SF:/home/atcsol/git/JOSE_PHOTOSAT/uah_photsat_freertos/asw/components/ccbkgtcexec/include/public/ccbkgtcexec_iface_v1.h
end_of_record
TN:
SF:/home/atcsol/git/JOSE_PHOTOSAT/uah_photsat_freertos/llsw/emu_gss/src/emu_gss_pus_service20.cpp
FN:39,_ZN20EmuGSS_TCProgram20_1C2EjPKct
FNDA:0,_ZN20EmuGSS_TCProgram20_1C2EjPKct
FN:48,_ZN20EmuGSS_TCProgram20_114BuildTCAppDataER17tc_mem_descriptor
FNDA:0,_ZN20EmuGSS_TCProgram20_114BuildTCAppDataER17tc_mem_descriptor
FN:55,_ZN26EmuGSS_TCProgram20_3_uint8C2EjPKcth
FNDA:0,_ZN26EmuGSS_TCProgram20_3_uint8C2EjPKcth
FN:66,_ZN26EmuGSS_TCProgram20_3_uint814BuildTCAppDataER17tc_mem_descriptor
FNDA:0,_ZN26EmuGSS_TCProgram20_3_uint814BuildTCAppDataER17tc_mem_descriptor
FN:75,_ZN27EmuGSS_TCProgram20_3_uint32C2EjPKctj
FNDA:0,_ZN27EmuGSS_TCProgram20_3_uint32C2EjPKctj
FN:86,_ZN27EmuGSS_TCProgram20_3_uint3214BuildTCAppDataER17tc_mem_descriptor
FNDA:0,_ZN27EmuGSS_TCProgram20_3_uint3214BuildTCAppDataER17tc_mem_descriptor
FN:95,_Z19EmuGSS_ShowServ20TMPK17tm_mem_descriptor
FNDA:0,_Z19EmuGSS_ShowServ20TMPK17tm_mem_descriptor
FN:102,_ZN18GSSServ20TMHandlerC2EPKh
FNDA:0,_ZN18GSSServ20TMHandlerC2EPKh
FN:107,_ZN18GSSServ20TMHandler6ShowTMEv
FNDA:0,_ZN18GSSServ20TMHandler6ShowTMEv
FN:117,_ZN18GSSServ20TMHandler11ShowTM_20_2Ev
FNDA:0,_ZN18GSSServ20TMHandler11ShowTM_20_2Ev
DA:39,0
DA:40,0
DA:42,0
DA:44,0
DA:45,0
DA:46,0
DA:48,0
DA:50,0
DA:51,0
DA:53,0
DA:55,0
DA:56,0
DA:58,0
DA:60,0
DA:61,0
DA:63,0
DA:64,0
DA:66,0
DA:69,0
DA:70,0
DA:71,0
DA:73,0
DA:75,0
DA:76,0
DA:78,0
DA:80,0
DA:81,0
DA:83,0
DA:84,0
DA:86,0
DA:89,0
DA:90,0
DA:91,0
DA:93,0
DA:95,0
DA:97,0
DA:98,0
DA:100,0
DA:102,0
DA:103,0
DA:105,0
DA:107,0
DA:109,0
DA:110,0
DA:111,0
DA:112,0
DA:115,0
DA:117,0
DA:122,0
DA:124,0
DA:126,0
DA:128,0
DA:132,0
DA:133,0
DA:134,0
DA:138,0
DA:139,0
DA:140,0
DA:144,0
DA:145,0
DA:147,0
DA:149,0
DA:150,0
DA:153,0
end_of_record
TN:
SF:/home/atcsol/git/JOSE_PHOTOSAT/uah_photsat_freertos/llsw/emu_gss/src/emu_gss_pus_service09.cpp
FN:33,_ZN21EmuGSS_TCProgram9_129C2EjPKcj
FNDA:0,_ZN21EmuGSS_TCProgram9_129C2EjPKcj
FN:43,_ZN21EmuGSS_TCProgram9_12914BuildTCAppDataER17tc_mem_descriptor
FNDA:0,_ZN21EmuGSS_TCProgram9_12914BuildTCAppDataER17tc_mem_descriptor
DA:33,0
DA:35,0
DA:37,0
DA:39,0
DA:40,0
DA:41,0
DA:43,0
DA:45,0
DA:47,0
end_of_record
TN:
SF:/home/atcsol/git/JOSE_PHOTOSAT/uah_photsat_freertos/llsw/emu_gss/src/emu_gss_pus_service02.cpp
FN:34,_ZN19EmuGSS_TCProgram2_1C2EjPKc20DeviceCommandOnOff_t
FNDA:0,_ZN19EmuGSS_TCProgram2_1C2EjPKc20DeviceCommandOnOff_t
FN:48,_ZN19EmuGSS_TCProgram2_1C2E20DeviceCommandOnOff_t
FNDA:0,_ZN19EmuGSS_TCProgram2_1C2E20DeviceCommandOnOff_t
FN:63,_ZN19EmuGSS_TCProgram2_114BuildTCAppDataER17tc_mem_descriptor
FNDA:0,_ZN19EmuGSS_TCProgram2_114BuildTCAppDataER17tc_mem_descriptor
FN:73,_ZN30EmuGSS_TCProgram2_1_BadAddressC2EjPKcj
FNDA:0,_ZN30EmuGSS_TCProgram2_1_BadAddressC2EjPKcj
FN:83,_ZN30EmuGSS_TCProgram2_1_BadAddress14BuildTCAppDataER17tc_mem_descriptor
FNDA:0,_ZN30EmuGSS_TCProgram2_1_BadAddress14BuildTCAppDataER17tc_mem_descriptor
DA:34,0
DA:35,0
DA:37,0
DA:39,0
DA:40,0
DA:42,0
DA:44,0
DA:45,0
DA:48,0
DA:50,0
DA:52,0
DA:54,0
DA:55,0
DA:57,0
DA:61,0
DA:63,0
DA:66,0
DA:68,0
DA:70,0
DA:73,0
DA:74,0
DA:76,0
DA:78,0
DA:80,0
DA:81,0
DA:83,0
DA:86,0
DA:88,0
DA:90,0
end_of_record
TN:
SF:/home/atcsol/git/JOSE_PHOTOSAT/uah_photsat_freertos/llsw/emu_gss/src/emu_gss_tc_program.cpp
FN:39,_ZN16EmuGSS_TCProgram21GetCurrentTCProgramedEv
FNDA:9,_ZN16EmuGSS_TCProgram21GetCurrentTCProgramedEv
FN:45,_ZN16EmuGSS_TCProgramC2EjhhtPKc
FNDA:10,_ZN16EmuGSS_TCProgramC2EjhhtPKc
FN:58,_ZN16EmuGSS_TCProgram21SetCurrentTCProgramedEj
FNDA:69,_ZN16EmuGSS_TCProgram21SetCurrentTCProgramedEj
FN:70,_ZN16EmuGSS_TCProgram10NewProgramEPS_
FNDA:9,_ZN16EmuGSS_TCProgram10NewProgramEPS_
FN:104,_ZN16EmuGSS_TCProgram7BuildTCER17tc_mem_descriptor
FNDA:10,_ZN16EmuGSS_TCProgram7BuildTCER17tc_mem_descriptor
FN:123,_ZN16EmuGSS_TCProgram16DisableAcceptACKEv
FNDA:0,_ZN16EmuGSS_TCProgram16DisableAcceptACKEv
FN:128,_ZN16EmuGSS_TCProgram19DisableExecStartACKEv
FNDA:0,_ZN16EmuGSS_TCProgram19DisableExecStartACKEv
FN:132,_ZN16EmuGSS_TCProgram18DisableExecProgACKEv
FNDA:0,_ZN16EmuGSS_TCProgram18DisableExecProgACKEv
FN:136,_ZN16EmuGSS_TCProgram24DisableExecCompletionACKEv
FNDA:0,_ZN16EmuGSS_TCProgram24DisableExecCompletionACKEv
FN:142,_ZN16EmuGSS_TCProgram17BuildTCPackHeaderER17tc_mem_descriptor
FNDA:10,_ZN16EmuGSS_TCProgram17BuildTCPackHeaderER17tc_mem_descriptor
FN:166,_ZN16EmuGSS_TCProgram15BuildTCDFHeaderER17tc_mem_descriptor
FNDA:10,_ZN16EmuGSS_TCProgram15BuildTCDFHeaderER17tc_mem_descriptor
FN:176,_ZN16EmuGSS_TCProgram12SetNextUInt8Eh
FNDA:30,_ZN16EmuGSS_TCProgram12SetNextUInt8Eh
FN:181,_ZN16EmuGSS_TCProgram13SetNextUInt16Et
FNDA:10,_ZN16EmuGSS_TCProgram13SetNextUInt16Et
FN:186,_ZN16EmuGSS_TCProgram13SetNextUInt32Ej
FNDA:0,_ZN16EmuGSS_TCProgram13SetNextUInt32Ej
FN:190,_ZN16EmuGSS_TCProgram13SetNextUInt64Em
FNDA:0,_ZN16EmuGSS_TCProgram13SetNextUInt64Em
FN:195,_ZN16EmuGSS_TCProgram11SetNextInt8Ea
FNDA:0,_ZN16EmuGSS_TCProgram11SetNextInt8Ea
FN:199,_ZN16EmuGSS_TCProgram12SetNextInt16Es
FNDA:2,_ZN16EmuGSS_TCProgram12SetNextInt16Es
FN:204,_ZN16EmuGSS_TCProgram12SetNextInt32Ei
FNDA:0,_ZN16EmuGSS_TCProgram12SetNextInt32Ei
FN:208,_ZN16EmuGSS_TCProgram12SetNextInt64El
FNDA:0,_ZN16EmuGSS_TCProgram12SetNextInt64El
FN:213,_ZN16EmuGSS_TCProgram12SetNextFloatERf
FNDA:3,_ZN16EmuGSS_TCProgram12SetNextFloatERf
DA:39,9
DA:41,9
DA:45,10
DA:46,10
DA:48,10
DA:49,10
DA:50,10
DA:51,10
DA:52,10
DA:53,10
DA:54,10
DA:55,10
DA:56,10
DA:58,69
DA:59,69
DA:60,69
DA:61,68
DA:62,9
DA:63,9
DA:64,9
DA:67,69
DA:70,9
DA:71,9
DA:73,9
DA:74,1
DA:75,1
DA:77,8
DA:79,8
DA:80,8
DA:81,44
DA:82,36
DA:83,0
DA:84,0
DA:86,0
DA:88,0
DA:89,0
DA:91,36
DA:92,36
DA:93,36
DA:94,8
DA:95,8
DA:96,8
DA:102,9
DA:104,10
DA:106,10
DA:108,10
DA:109,10
DA:110,10
DA:111,10
DA:113,10
DA:114,10
DA:115,10
DA:117,10
DA:118,10
DA:121,10
DA:123,0
DA:125,0
DA:127,0
DA:128,0
DA:130,0
DA:131,0
DA:132,0
DA:134,0
DA:135,0
DA:136,0
DA:138,0
DA:139,0
DA:142,10
DA:144,10
DA:145,10
DA:147,10
DA:150,10
DA:152,10
DA:153,10
DA:155,10
DA:158,10
DA:161,10
DA:165,10
DA:166,10
DA:168,10
DA:169,10
DA:170,10
DA:171,10
DA:172,10
DA:174,10
DA:176,30
DA:177,30
DA:178,30
DA:179,30
DA:181,10
DA:182,10
DA:183,10
DA:184,10
DA:186,0
DA:187,0
DA:188,0
DA:189,0
DA:190,0
DA:191,0
DA:192,0
DA:193,0
DA:195,0
DA:196,0
DA:197,0
DA:198,0
DA:199,2
DA:200,2
DA:201,2
DA:202,2
DA:204,0
DA:205,0
DA:206,0
DA:207,0
DA:208,0
DA:209,0
DA:210,0
DA:211,0
DA:213,3
DA:215,3
DA:216,3
DA:217,3
DA:218,3
end_of_record
TN:
SF:/home/atcsol/git/JOSE_PHOTOSAT/uah_photsat_freertos/llsw/emu_gss/src/emu_gss_tm_handler.cpp
FN:39,_ZN12GSSTMHandler10GetPUSTypeEPK17tm_mem_descriptor
FNDA:100,_ZN12GSSTMHandler10GetPUSTypeEPK17tm_mem_descriptor
FN:49,_ZN12GSSTMHandler13GetPUSSubtypeEPK17tm_mem_descriptor
FNDA:100,_ZN12GSSTMHandler13GetPUSSubtypeEPK17tm_mem_descriptor
FN:60,_ZN12GSSTMHandlerC2EPKh
FNDA:100,_ZN12GSSTMHandlerC2EPKh
FN:76,_ZN12GSSTMHandler24GetNextUInt8AppDataFieldEv
FNDA:222,_ZN12GSSTMHandler24GetNextUInt8AppDataFieldEv
FN:84,_ZN12GSSTMHandler25GetNextUInt16AppDataFieldEv
FNDA:137,_ZN12GSSTMHandler25GetNextUInt16AppDataFieldEv
FN:92,_ZN12GSSTMHandler25GetNextUInt32AppDataFieldEv
FNDA:6,_ZN12GSSTMHandler25GetNextUInt32AppDataFieldEv
FN:101,_ZN12GSSTMHandler25GetNextUInt64AppDataFieldEv
FNDA:0,_ZN12GSSTMHandler25GetNextUInt64AppDataFieldEv
FN:110,_ZN12GSSTMHandler23GetNextInt8AppDataFieldEv
FNDA:0,_ZN12GSSTMHandler23GetNextInt8AppDataFieldEv
FN:118,_ZN12GSSTMHandler24GetNextInt16AppDataFieldEv
FNDA:240,_ZN12GSSTMHandler24GetNextInt16AppDataFieldEv
FN:127,_ZN12GSSTMHandler24GetNextInt32AppDataFieldEv
FNDA:0,_ZN12GSSTMHandler24GetNextInt32AppDataFieldEv
FN:136,_ZN12GSSTMHandler24GetNextInt64AppDataFieldEv
FNDA:0,_ZN12GSSTMHandler24GetNextInt64AppDataFieldEv
DA:39,100
DA:41,100
DA:42,100
DA:43,100
DA:45,100
DA:49,100
DA:52,100
DA:53,100
DA:54,100
DA:56,100
DA:60,100
DA:62,100
DA:63,100
DA:64,100
DA:66,100
DA:67,100
DA:68,100
DA:70,100
DA:72,100
DA:74,100
DA:76,222
DA:79,222
DA:80,222
DA:81,222
DA:84,137
DA:87,137
DA:88,137
DA:89,137
DA:92,6
DA:95,6
DA:96,6
DA:97,6
DA:101,0
DA:104,0
DA:105,0
DA:106,0
DA:110,0
DA:112,0
DA:113,0
DA:114,0
DA:118,240
DA:121,240
DA:122,240
DA:123,240
DA:127,0
DA:130,0
DA:131,0
DA:132,0
DA:136,0
DA:139,0
DA:140,0
DA:141,0
end_of_record
TN:
SF:/home/atcsol/git/JOSE_PHOTOSAT/uah_photsat_freertos/llsw/emu_gss/include/emu_gss/emu_gss_tc_program.h
FN:48,_ZN16EmuGSS_TCProgram7GetTypeEv
FNDA:9,_ZN16EmuGSS_TCProgram7GetTypeEv
FN:49,_ZN16EmuGSS_TCProgram10GetSubtypeEv
FNDA:9,_ZN16EmuGSS_TCProgram10GetSubtypeEv
FN:50,_ZN16EmuGSS_TCProgram8GetBriefEv
FNDA:9,_ZN16EmuGSS_TCProgram8GetBriefEv
DA:48,9
DA:49,9
DA:50,9
end_of_record
SF:/home/atcsol/git/JOSE_PHOTOSAT/uah_photsat_freertos/llsw/emu_gss/src/emu_gss.cpp
FN:38,_Z13EmuGSS_ShowTMPK17tm_mem_descriptor
FNDA:100,_Z13EmuGSS_ShowTMPK17tm_mem_descriptor
FN:78,_Z22EmuGSS_PrintCurrentOBTv
FNDA:61,_Z22EmuGSS_PrintCurrentOBTv
FN:84,_Z17EmuGSS_PassSecondv
FNDA:60,_Z17EmuGSS_PassSecondv
FN:94,_Z18EmuGSS_RxCurrentTCP17CDTCMemDescriptor
FNDA:0,_Z18EmuGSS_RxCurrentTCP17CDTCMemDescriptor
FN:100,_Z24EmuGSS_SendProgrammedTCsv
FNDA:60,_Z24EmuGSS_SendProgrammedTCsv
DA:38,100
DA:42,100
DA:43,100
DA:45,100
DA:47,100
DA:49,31
DA:51,31
DA:53,31
DA:55,60
DA:56,60
DA:57,60
DA:59,0
DA:60,0
DA:61,0
DA:63,3
DA:64,3
DA:65,3
DA:66,6
DA:67,6
DA:68,6
DA:69,0
DA:70,0
DA:71,0
DA:74,100
DA:76,100
DA:78,61
DA:80,61
DA:82,61
DA:84,60
DA:88,60
DA:90,60
DA:92,59
DA:94,0
DA:98,0
DA:100,60
DA:102,60
DA:104,60
DA:105,69
DA:107,9
DA:108,9
DA:109,9
DA:111,9
DA:112,9
DA:117,9
DA:119,9
DA:121,9
DA:123,9
DA:125,9
DA:130,60
DA:132,9
DA:136,59
end_of_record
TN:
SF:/home/atcsol/git/JOSE_PHOTOSAT/uah_photsat_freertos/llsw/emu_gss/src/emu_gss_pus_service01.cpp
FN:34,_Z18EmuGSS_ShowServ1TMPK17tm_mem_descriptor
FNDA:31,_Z18EmuGSS_ShowServ1TMPK17tm_mem_descriptor
FN:41,_ZN17GSSServ1TMHandlerC2EPKh
FNDA:31,_ZN17GSSServ1TMHandlerC2EPKh
FN:46,_ZN17GSSServ1TMHandler6ShowTMEv
FNDA:31,_ZN17GSSServ1TMHandler6ShowTMEv
FN:66,_ZN17GSSServ1TMHandler10ShowTM_1_2Ev
FNDA:0,_ZN17GSSServ1TMHandler10ShowTM_1_2Ev
FN:101,_ZN17GSSServ1TMHandler10ShowTM_1_4Ev
FNDA:0,_ZN17GSSServ1TMHandler10ShowTM_1_4Ev
FN:202,_ZN17GSSServ1TMHandler10ShowTM_1_8Ev
FNDA:0,_ZN17GSSServ1TMHandler10ShowTM_1_8Ev
DA:34,31
DA:36,31
DA:37,31
DA:39,31
DA:41,31
DA:42,31
DA:44,31
DA:46,31
DA:49,31
DA:52,31
DA:54,31
DA:55,0
DA:56,0
DA:57,0
DA:58,0
DA:59,0
DA:60,0
DA:61,0
DA:62,0
DA:63,0
DA:65,31
DA:66,0
DA:68,0
DA:69,0
DA:70,0
DA:72,0
DA:73,0
DA:75,0
DA:77,0
DA:78,0
DA:80,0
DA:82,0
DA:83,0
DA:85,0
DA:87,0
DA:89,0
DA:91,0
DA:93,0
DA:95,0
DA:99,0
DA:101,0
DA:103,0
DA:104,0
DA:105,0
DA:107,0
DA:108,0
DA:110,0
DA:112,0
DA:113,0
DA:115,0
DA:117,0
DA:119,0
DA:121,0
DA:123,0
DA:125,0
DA:126,0
DA:128,0
DA:129,0
DA:133,0
DA:135,0
DA:136,0
DA:138,0
DA:140,0
DA:142,0
DA:144,0
DA:146,0
DA:148,0
DA:149,0
DA:151,0
DA:153,0
DA:155,0
DA:157,0
DA:159,0
DA:160,0
DA:162,0
DA:164,0
DA:166,0
DA:168,0
DA:170,0
DA:172,0
DA:174,0
DA:176,0
DA:178,0
DA:180,0
DA:182,0
DA:184,0
DA:186,0
DA:187,0
DA:189,0
DA:191,0
DA:192,0
DA:194,0
DA:195,0
DA:197,0
DA:202,0
DA:204,0
DA:205,0
DA:207,0
DA:209,0
DA:210,0
DA:212,0
DA:214,0
DA:215,0
DA:217,0
DA:219,0
DA:220,0
DA:222,0
DA:224,0
DA:226,0
DA:228,0
DA:230,0
DA:231,0
DA:233,0
DA:235,0
DA:237,0
DA:239,0
DA:241,0
DA:243,0
DA:247,0
DA:248,0
DA:251,0
end_of_record
TN:
SF:/home/atcsol/git/JOSE_PHOTOSAT/uah_photsat_freertos/llsw/emu_gss/src/emu_gss_pus_service12.cpp
FN:41,_ZN20EmuGSS_TCProgram12_1C2EjPKct
FNDA:2,_ZN20EmuGSS_TCProgram12_1C2EjPKct
FN:50,_ZN20EmuGSS_TCProgram12_114BuildTCAppDataER17tc_mem_descriptor
FNDA:2,_ZN20EmuGSS_TCProgram12_114BuildTCAppDataER17tc_mem_descriptor
FN:57,_ZN20EmuGSS_TCProgram12_2C2EjPKct
FNDA:0,_ZN20EmuGSS_TCProgram12_2C2EjPKct
FN:66,_ZN20EmuGSS_TCProgram12_214BuildTCAppDataER17tc_mem_descriptor
FNDA:0,_ZN20EmuGSS_TCProgram12_214BuildTCAppDataER17tc_mem_descriptor
FN:73,_ZN33EmuGSS_TCProgram12_5_Limit_UINT32C2EjPKctthhjtjt
FNDA:0,_ZN33EmuGSS_TCProgram12_5_Limit_UINT32C2EjPKctthhjtjt
FN:91,_ZN33EmuGSS_TCProgram12_5_Limit_UINT3214BuildTCAppDataER17tc_mem_descriptor
FNDA:0,_ZN33EmuGSS_TCProgram12_5_Limit_UINT3214BuildTCAppDataER17tc_mem_descriptor
FN:107,_ZN32EmuGSS_TCProgram12_5_Limit_UINT8C2EjPKctthhhtht
FNDA:0,_ZN32EmuGSS_TCProgram12_5_Limit_UINT8C2EjPKctthhhtht
FN:125,_ZN32EmuGSS_TCProgram12_5_Limit_UINT814BuildTCAppDataER17tc_mem_descriptor
FNDA:0,_ZN32EmuGSS_TCProgram12_5_Limit_UINT814BuildTCAppDataER17tc_mem_descriptor
FN:141,_ZN32EmuGSS_TCProgram12_5_Value_UINT8C2EjPKctthhhht
FNDA:2,_ZN32EmuGSS_TCProgram12_5_Value_UINT8C2EjPKctthhhht
FN:158,_ZN32EmuGSS_TCProgram12_5_Value_UINT814BuildTCAppDataER17tc_mem_descriptor
FNDA:2,_ZN32EmuGSS_TCProgram12_5_Value_UINT814BuildTCAppDataER17tc_mem_descriptor
FN:173,_ZN20EmuGSS_TCProgram12_6C2EjPKct
FNDA:0,_ZN20EmuGSS_TCProgram12_6C2EjPKct
FN:182,_ZN20EmuGSS_TCProgram12_614BuildTCAppDataER17tc_mem_descriptor
FNDA:0,_ZN20EmuGSS_TCProgram12_614BuildTCAppDataER17tc_mem_descriptor
FN:190,_Z19EmuGSS_ShowServ12TMPK17tm_mem_descriptor
FNDA:6,_Z19EmuGSS_ShowServ12TMPK17tm_mem_descriptor
FN:197,_ZN18GSSServ12TMHandlerC2EPKh
FNDA:6,_ZN18GSSServ12TMHandlerC2EPKh
FN:202,_ZN18GSSServ12TMHandler6ShowTMEv
FNDA:6,_ZN18GSSServ12TMHandler6ShowTMEv
FN:212,_ZN18GSSServ12TMHandler15ShowValueStatusE18check_value_status
FNDA:12,_ZN18GSSServ12TMHandler15ShowValueStatusE18check_value_status
FN:228,_ZN18GSSServ12TMHandler15ShowLimitStatusE19check_limits_status
FNDA:0,_ZN18GSSServ12TMHandler15ShowLimitStatusE19check_limits_status
FN:249,_ZN18GSSServ12TMHandler12ShowTM_12_12Ev
FNDA:6,_ZN18GSSServ12TMHandler12ShowTM_12_12Ev
DA:41,2
DA:42,2
DA:44,2
DA:46,2
DA:47,2
DA:48,2
DA:50,2
DA:52,2
DA:53,2
DA:55,2
DA:57,0
DA:58,0
DA:60,0
DA:62,0
DA:63,0
DA:64,0
DA:66,0
DA:68,0
DA:69,0
DA:71,0
DA:73,0
DA:76,0
DA:78,0
DA:80,0
DA:81,0
DA:82,0
DA:83,0
DA:84,0
DA:85,0
DA:86,0
DA:87,0
DA:88,0
DA:89,0
DA:91,0
DA:94,0
DA:95,0
DA:96,0
DA:97,0
DA:98,0
DA:99,0
DA:100,0
DA:101,0
DA:102,0
DA:103,0
DA:105,0
DA:107,0
DA:110,0
DA:112,0
DA:114,0
DA:115,0
DA:116,0
DA:117,0
DA:118,0
DA:119,0
DA:120,0
DA:121,0
DA:122,0
DA:123,0
DA:125,0
DA:128,0
DA:129,0
DA:130,0
DA:131,0
DA:132,0
DA:133,0
DA:134,0
DA:135,0
DA:136,0
DA:137,0
DA:139,0
DA:141,2
DA:144,2
DA:146,2
DA:148,2
DA:149,2
DA:150,2
DA:151,2
DA:152,2
DA:153,2
DA:154,2
DA:155,2
DA:156,2
DA:158,2
DA:161,2
DA:162,2
DA:163,2
DA:164,2
DA:165,2
DA:166,2
DA:167,2
DA:168,2
DA:169,2
DA:171,2
DA:173,0
DA:174,0
DA:176,0
DA:178,0
DA:179,0
DA:180,0
DA:182,0
DA:184,0
DA:185,0
DA:187,0
DA:190,6
DA:192,6
DA:193,6
DA:195,6
DA:197,6
DA:198,6
DA:200,6
DA:202,6
DA:204,6
DA:205,6
DA:206,6
DA:207,6
DA:210,6
DA:212,12
DA:214,12
DA:216,6
DA:217,6
DA:218,6
DA:219,2
DA:220,2
DA:221,2
DA:222,4
DA:223,4
DA:224,4
DA:226,12
DA:228,0
DA:230,0
DA:232,0
DA:233,0
DA:234,0
DA:235,0
DA:236,0
DA:237,0
DA:238,0
DA:239,0
DA:240,0
DA:241,0
DA:242,0
DA:243,0
DA:247,0
DA:249,6
DA:254,6
DA:256,12
DA:258,6
DA:260,6
DA:262,6
DA:268,6
DA:270,6
DA:272,6
DA:274,6
DA:275,6
DA:276,6
DA:278,0
DA:279,0
DA:281,0
DA:283,0
DA:284,0
DA:285,0
DA:289,6
DA:291,0
DA:293,0
DA:295,0
DA:299,0
DA:300,0
DA:302,0
DA:304,6
DA:306,6
DA:308,6
DA:312,6
DA:313,6
DA:317,6
DA:318,6
DA:321,6
DA:323,6
DA:324,6
DA:325,6
DA:326,6
DA:327,6
DA:329,6
DA:332,6
DA:334,6
DA:335,6
DA:338,6
DA:339,6
DA:340,6
DA:343,0
DA:344,0
DA:345,0
DA:347,0
DA:350,0
DA:351,0
DA:352,0
DA:354,0
DA:355,0
DA:356,0
DA:360,6
DA:362,6
DA:366,6
end_of_record
TN:
SF:/home/atcsol/git/JOSE_PHOTOSAT/uah_photsat_freertos/llsw/emu_gss/src/emu_gss_pus_service19.cpp
FN:53,_ZN31EmuGSS_TCProgram19_1_Action_2_1C2EjPKct20DeviceCommandOnOff_t
FNDA:0,_ZN31EmuGSS_TCProgram19_1_Action_2_1C2EjPKct20DeviceCommandOnOff_t
FN:63,_ZN31EmuGSS_TCProgram19_1_Action_2_114BuildTCAppDataER17tc_mem_descriptor
FNDA:0,_ZN31EmuGSS_TCProgram19_1_Action_2_114BuildTCAppDataER17tc_mem_descriptor
FN:79,_ZN33EmuGSS_TCProgram19_1_Action_128_1C2EjPKct
FNDA:0,_ZN33EmuGSS_TCProgram19_1_Action_128_1C2EjPKct
FN:88,_ZN33EmuGSS_TCProgram19_1_Action_128_114BuildTCAppDataER17tc_mem_descriptor
FNDA:0,_ZN33EmuGSS_TCProgram19_1_Action_128_114BuildTCAppDataER17tc_mem_descriptor
FN:107,_ZN33EmuGSS_TCProgram19_1_Action_129_3C2EjPKct
FNDA:1,_ZN33EmuGSS_TCProgram19_1_Action_129_3C2EjPKct
FN:116,_ZN33EmuGSS_TCProgram19_1_Action_129_314BuildTCAppDataER17tc_mem_descriptor
FNDA:1,_ZN33EmuGSS_TCProgram19_1_Action_129_314BuildTCAppDataER17tc_mem_descriptor
FN:134,_ZN20EmuGSS_TCProgram19_2C2EjPKct
FNDA:0,_ZN20EmuGSS_TCProgram19_2C2EjPKct
FN:143,_ZN20EmuGSS_TCProgram19_214BuildTCAppDataER17tc_mem_descriptor
FNDA:0,_ZN20EmuGSS_TCProgram19_214BuildTCAppDataER17tc_mem_descriptor
FN:149,_ZN20EmuGSS_TCProgram19_4C2EjPKct
FNDA:1,_ZN20EmuGSS_TCProgram19_4C2EjPKct
FN:158,_ZN20EmuGSS_TCProgram19_414BuildTCAppDataER17tc_mem_descriptor
FNDA:1,_ZN20EmuGSS_TCProgram19_414BuildTCAppDataER17tc_mem_descriptor
FN:165,_ZN20EmuGSS_TCProgram19_5C2EjPKct
FNDA:0,_ZN20EmuGSS_TCProgram19_5C2EjPKct
FN:174,_ZN20EmuGSS_TCProgram19_514BuildTCAppDataER17tc_mem_descriptor
FNDA:0,_ZN20EmuGSS_TCProgram19_514BuildTCAppDataER17tc_mem_descriptor
FN:182,_Z19EmuGSS_ShowServ19TMPK17tm_mem_descriptor
FNDA:0,_Z19EmuGSS_ShowServ19TMPK17tm_mem_descriptor
FN:189,_ZN18GSSServ19TMHandlerC2EPKh
FNDA:0,_ZN18GSSServ19TMHandlerC2EPKh
FN:194,_ZN18GSSServ19TMHandler6ShowTMEv
FNDA:0,_ZN18GSSServ19TMHandler6ShowTMEv
DA:53,0
DA:55,0
DA:57,0
DA:59,0
DA:60,0
DA:61,0
DA:63,0
DA:68,0
DA:70,0
DA:71,0
DA:73,0
DA:74,0
DA:75,0
DA:77,0
DA:79,0
DA:80,0
DA:82,0
DA:83,0
DA:84,0
DA:86,0
DA:88,0
DA:93,0
DA:95,0
DA:96,0
DA:98,0
DA:100,0
DA:101,0
DA:103,0
DA:107,1
DA:108,1
DA:110,1
DA:111,1
DA:112,1
DA:114,1
DA:116,1
DA:121,1
DA:123,1
DA:124,1
DA:126,1
DA:128,14
DA:129,13
DA:131,1
DA:134,0
DA:135,0
DA:137,0
DA:139,0
DA:140,0
DA:141,0
DA:143,0
DA:144,0
DA:145,0
DA:147,0
DA:149,1
DA:150,1
DA:152,1
DA:154,1
DA:155,1
DA:156,1
DA:158,1
DA:160,1
DA:161,1
DA:163,1
DA:165,0
DA:166,0
DA:168,0
DA:170,0
DA:171,0
DA:172,0
DA:174,0
DA:176,0
DA:177,0
DA:179,0
DA:182,0
DA:184,0
DA:185,0
DA:187,0
DA:189,0
DA:190,0
DA:192,0
DA:194,0
DA:196,0
end_of_record
TN:
SF:/home/atcsol/git/JOSE_PHOTOSAT/uah_photsat_freertos/llsw/emu_gss/src/emu_gss_pus_service17.cpp
FN:30,_ZN20EmuGSS_TCProgram17_1C2EjPKc
FNDA:0,_ZN20EmuGSS_TCProgram17_1C2EjPKc
FN:37,_ZN20EmuGSS_TCProgram17_114BuildTCAppDataER17tc_mem_descriptor
FNDA:0,_ZN20EmuGSS_TCProgram17_114BuildTCAppDataER17tc_mem_descriptor
FN:41,_ZN32EmuGSS_TCProgram17_1_DISABLE_1_7C2EjPKc
FNDA:0,_ZN32EmuGSS_TCProgram17_1_DISABLE_1_7C2EjPKc
FN:49,_ZN32EmuGSS_TCProgram17_1_DISABLE_1_714BuildTCAppDataER17tc_mem_descriptor
FNDA:0,_ZN32EmuGSS_TCProgram17_1_DISABLE_1_714BuildTCAppDataER17tc_mem_descriptor
FN:56,_ZN20EmuGSS_TCProgram17_3C2EjPKct
FNDA:0,_ZN20EmuGSS_TCProgram17_3C2EjPKct
FN:64,_ZN20EmuGSS_TCProgram17_314BuildTCAppDataER17tc_mem_descriptor
FNDA:0,_ZN20EmuGSS_TCProgram17_314BuildTCAppDataER17tc_mem_descriptor
DA:30,0
DA:31,0
DA:32,0
DA:34,0
DA:35,0
DA:37,0
DA:39,0
DA:41,0
DA:42,0
DA:43,0
DA:45,0
DA:46,0
DA:47,0
DA:49,0
DA:52,0
DA:56,0
DA:57,0
DA:58,0
DA:60,0
DA:61,0
DA:62,0
DA:64,0
DA:66,0
end_of_record
TN:
SF:/home/atcsol/git/JOSE_PHOTOSAT/uah_photsat_freertos/llsw/emu_gss/src/emu_gss_pus_service05.cpp
FN:37,_ZN19EmuGSS_TCProgram5_5C2EjPKct
FNDA:0,_ZN19EmuGSS_TCProgram5_5C2EjPKct
FN:46,_ZN19EmuGSS_TCProgram5_514BuildTCAppDataER17tc_mem_descriptor
FNDA:0,_ZN19EmuGSS_TCProgram5_514BuildTCAppDataER17tc_mem_descriptor
FN:53,_ZN19EmuGSS_TCProgram5_6C2EjPKct
FNDA:0,_ZN19EmuGSS_TCProgram5_6C2EjPKct
FN:62,_ZN19EmuGSS_TCProgram5_614BuildTCAppDataER17tc_mem_descriptor
FNDA:0,_ZN19EmuGSS_TCProgram5_614BuildTCAppDataER17tc_mem_descriptor
FN:70,_Z18EmuGSS_ShowServ5TMPK17tm_mem_descriptor
FNDA:3,_Z18EmuGSS_ShowServ5TMPK17tm_mem_descriptor
FN:77,_ZN17GSSServ5TMHandlerC2EPKh
FNDA:3,_ZN17GSSServ5TMHandlerC2EPKh
FN:82,_ZN17GSSServ5TMHandler6ShowTMEv
FNDA:3,_ZN17GSSServ5TMHandler6ShowTMEv
FN:101,_ZN17GSSServ5TMHandler10ShowTM_5_1Ev
FNDA:1,_ZN17GSSServ5TMHandler10ShowTM_5_1Ev
FN:129,_ZN17GSSServ5TMHandler10ShowTM_5_2Ev
FNDA:0,_ZN17GSSServ5TMHandler10ShowTM_5_2Ev
FN:137,_ZN17GSSServ5TMHandler10ShowTM_5_3Ev
FNDA:0,_ZN17GSSServ5TMHandler10ShowTM_5_3Ev
FN:145,_ZN17GSSServ5TMHandler10ShowTM_5_4Ev
FNDA:2,_ZN17GSSServ5TMHandler10ShowTM_5_4Ev
DA:37,0
DA:38,0
DA:40,0
DA:42,0
DA:43,0
DA:44,0
DA:46,0
DA:48,0
DA:49,0
DA:51,0
DA:53,0
DA:54,0
DA:56,0
DA:58,0
DA:59,0
DA:60,0
DA:62,0
DA:64,0
DA:65,0
DA:67,0
DA:70,3
DA:72,3
DA:73,3
DA:75,3
DA:77,3
DA:78,3
DA:80,3
DA:82,3
DA:84,3
DA:85,1
DA:86,1
DA:87,1
DA:88,0
DA:89,0
DA:90,0
DA:91,0
DA:92,0
DA:93,0
DA:94,2
DA:95,2
DA:96,2
DA:99,3
DA:101,1
DA:103,1
DA:105,1
DA:107,1
DA:109,1
DA:111,1
DA:112,1
DA:114,0
DA:116,0
DA:117,0
DA:119,0
DA:121,0
DA:122,0
DA:123,0
DA:124,0
DA:126,1
DA:127,1
DA:129,0
DA:131,0
DA:133,0
DA:135,0
DA:137,0
DA:139,0
DA:141,0
DA:143,0
DA:145,2
DA:147,2
DA:149,2
DA:151,2
DA:152,0
DA:154,0
DA:160,0
DA:162,0
DA:164,0
DA:165,0
DA:166,0
DA:167,0
DA:169,0
DA:170,0
DA:171,0
DA:172,0
DA:173,0
DA:175,0
DA:178,0
DA:179,0
DA:181,0
DA:182,0
DA:184,0
DA:186,0
DA:188,0
DA:190,0
DA:193,2
end_of_record
TN:
SF:/home/atcsol/git/JOSE_PHOTOSAT/uah_photsat_freertos/llsw/emu_gss/src/emu_gss_pus_service03.cpp
FN:42,_ZN19EmuGSS_TCProgram3_5C2EjPKct
FNDA:0,_ZN19EmuGSS_TCProgram3_5C2EjPKct
FN:51,_ZN19EmuGSS_TCProgram3_514BuildTCAppDataER17tc_mem_descriptor
FNDA:0,_ZN19EmuGSS_TCProgram3_514BuildTCAppDataER17tc_mem_descriptor
FN:58,_ZN19EmuGSS_TCProgram3_6C2EjPKct
FNDA:0,_ZN19EmuGSS_TCProgram3_6C2EjPKct
FN:67,_ZN19EmuGSS_TCProgram3_614BuildTCAppDataER17tc_mem_descriptor
FNDA:0,_ZN19EmuGSS_TCProgram3_614BuildTCAppDataER17tc_mem_descriptor
FN:74,_ZN20EmuGSS_TCProgram3_31C2EjPKcth
FNDA:0,_ZN20EmuGSS_TCProgram3_31C2EjPKcth
FN:85,_ZN20EmuGSS_TCProgram3_3114BuildTCAppDataER17tc_mem_descriptor
FNDA:0,_ZN20EmuGSS_TCProgram3_3114BuildTCAppDataER17tc_mem_descriptor
FN:94,_Z18EmuGSS_ShowServ3TMPK17tm_mem_descriptor
FNDA:60,_Z18EmuGSS_ShowServ3TMPK17tm_mem_descriptor
FN:101,_ZN17GSSServ3TMHandlerC2EPKh
FNDA:60,_ZN17GSSServ3TMHandlerC2EPKh
FN:106,_ZN17GSSServ3TMHandler6ShowTMEv
FNDA:60,_ZN17GSSServ3TMHandler6ShowTMEv
FN:116,_ZN17GSSServ3TMHandler11ShowTM_3_25Ev
FNDA:60,_ZN17GSSServ3TMHandler11ShowTM_3_25Ev
FN:128,_ZN17GSSServ3TMHandler15ShowTM_3_25_SIDEt
FNDA:60,_ZN17GSSServ3TMHandler15ShowTM_3_25_SIDEt
DA:42,0
DA:43,0
DA:45,0
DA:47,0
DA:48,0
DA:49,0
DA:51,0
DA:53,0
DA:54,0
DA:56,0
DA:58,0
DA:59,0
DA:61,0
DA:63,0
DA:64,0
DA:65,0
DA:67,0
DA:69,0
DA:70,0
DA:72,0
DA:74,0
DA:75,0
DA:77,0
DA:79,0
DA:80,0
DA:82,0
DA:83,0
DA:85,0
DA:87,0
DA:88,0
DA:89,0
DA:91,0
DA:94,60
DA:96,60
DA:97,60
DA:99,60
DA:101,60
DA:102,60
DA:104,60
DA:106,60
DA:108,60
DA:109,60
DA:110,60
DA:111,60
DA:114,60
DA:116,60
DA:118,60
DA:120,60
DA:122,60
DA:124,60
DA:128,60
DA:131,60
DA:133,60
DA:135,60
DA:137,480
DA:141,420
DA:143,420
DA:145,420
DA:146,420
DA:148,0
DA:149,0
DA:151,0
DA:153,180
DA:154,180
DA:156,180
DA:157,240
DA:158,240
DA:160,240
DA:162,0
DA:163,0
DA:167,420
DA:169,420
DA:170,60
DA:171,60
DA:173,360
DA:174,60
DA:175,60
DA:176,60
DA:180,300
DA:181,300
DA:188,60
end_of_record
TN:
SF:/home/atcsol/git/JOSE_PHOTOSAT/uah_photsat_freertos/llsw/emu_gss/src/emu_gss_pus_service128.cpp
FN:33,_ZN21EmuGSS_TCProgram128_1C2EjPKc
FNDA:1,_ZN21EmuGSS_TCProgram128_1C2EjPKc
FN:42,_ZN21EmuGSS_TCProgram128_1C2Ev
FNDA:0,_ZN21EmuGSS_TCProgram128_1C2Ev
FN:49,_ZN21EmuGSS_TCProgram128_114BuildTCAppDataER17tc_mem_descriptor
FNDA:1,_ZN21EmuGSS_TCProgram128_114BuildTCAppDataER17tc_mem_descriptor
DA:33,1
DA:34,1
DA:36,1
DA:38,1
DA:39,1
DA:42,0
DA:43,0
DA:47,0
DA:49,1
DA:52,1
end_of_record
TN:
SF:/home/atcsol/git/JOSE_PHOTOSAT/uah_photsat_freertos/llsw/emu_gss/src/emu_gss_pus_service129.cpp
FN:17,_ZN21EmuGSS_TCProgram129_1C2EjPKcssh
FNDA:1,_ZN21EmuGSS_TCProgram129_1C2EjPKcssh
FN:33,_ZN21EmuGSS_TCProgram129_114BuildTCAppDataER17tc_mem_descriptor
FNDA:1,_ZN21EmuGSS_TCProgram129_114BuildTCAppDataER17tc_mem_descriptor
FN:47,_ZN21EmuGSS_TCProgram129_2C2EjPKcfff
FNDA:1,_ZN21EmuGSS_TCProgram129_2C2EjPKcfff
FN:61,_ZN21EmuGSS_TCProgram129_214BuildTCAppDataER17tc_mem_descriptor
FNDA:1,_ZN21EmuGSS_TCProgram129_214BuildTCAppDataER17tc_mem_descriptor
FN:71,_ZN21EmuGSS_TCProgram129_3C2EjPKc
FNDA:0,_ZN21EmuGSS_TCProgram129_3C2EjPKc
FN:79,_ZN21EmuGSS_TCProgram129_3C2Ev
FNDA:1,_ZN21EmuGSS_TCProgram129_3C2Ev
FN:87,_ZN21EmuGSS_TCProgram129_314BuildTCAppDataER17tc_mem_descriptor
FNDA:1,_ZN21EmuGSS_TCProgram129_314BuildTCAppDataER17tc_mem_descriptor
DA:17,1
DA:20,1
DA:22,1
DA:26,1
DA:27,1
DA:28,1
DA:30,1
DA:31,1
DA:33,1
DA:38,1
DA:39,1
DA:40,1
DA:44,1
DA:47,1
DA:49,1
DA:51,1
DA:54,1
DA:55,1
DA:56,1
DA:58,1
DA:59,1
DA:61,1
DA:64,1
DA:65,1
DA:66,1
DA:68,1
DA:71,0
DA:72,0
DA:74,0
DA:76,0
DA:77,0
DA:79,1
DA:80,1
DA:84,1
DA:87,1
DA:91,1
end_of_record
TN:
SF:/home/atcsol/git/JOSE_PHOTOSAT/uah_photsat_freertos/llsw/emu_gss/src/emu_gss_sys_data_pool.cpp
FN:15,_ZN14GSSSysDataPool12ShowPIDValueEt14data_pool_item
FNDA:438,_ZN14GSSSysDataPool12ShowPIDValueEt14data_pool_item
DA:15,438
DA:19,438
DA:21,438
DA:23,0
DA:25,0
DA:27,0
DA:28,0
DA:30,0
DA:34,0
DA:38,0
DA:39,240
DA:41,240
DA:42,60
DA:43,60
DA:44,60
DA:45,60
DA:49,60
DA:51,60
DA:52,60
DA:53,60
DA:54,60
DA:57,60
DA:60,60
DA:61,60
DA:62,60
DA:63,60
DA:65,60
DA:66,60
DA:67,60
DA:68,60
DA:69,60
DA:71,60
DA:74,0
DA:75,0
DA:76,0
DA:80,240
DA:82,198
DA:84,198
DA:85,0
DA:87,198
DA:89,60
DA:91,138
DA:92,69
DA:94,69
DA:95,69
DA:99,198
DA:101,198
DA:102,0
DA:103,0
DA:106,438
end_of_record
TN:
SF:/home/atcsol/git/JOSE_PHOTOSAT/uah_photsat_freertos/llsw/emu_gss/src/emu_gss_pus_service04.cpp
FN:37,_ZN19EmuGSS_TCProgram4_1C2EjPKc
FNDA:0,_ZN19EmuGSS_TCProgram4_1C2EjPKc
FN:43,_ZN19EmuGSS_TCProgram4_114BuildTCAppDataER17tc_mem_descriptor
FNDA:0,_ZN19EmuGSS_TCProgram4_114BuildTCAppDataER17tc_mem_descriptor
FN:47,_ZN19EmuGSS_TCProgram4_6C2EjPKct
FNDA:0,_ZN19EmuGSS_TCProgram4_6C2EjPKct
FN:56,_ZN19EmuGSS_TCProgram4_614BuildTCAppDataER17tc_mem_descriptor
FNDA:0,_ZN19EmuGSS_TCProgram4_614BuildTCAppDataER17tc_mem_descriptor
FN:63,_ZN19EmuGSS_TCProgram4_7C2EjPKct
FNDA:0,_ZN19EmuGSS_TCProgram4_7C2EjPKct
FN:72,_ZN19EmuGSS_TCProgram4_714BuildTCAppDataER17tc_mem_descriptor
FNDA:0,_ZN19EmuGSS_TCProgram4_714BuildTCAppDataER17tc_mem_descriptor
FN:80,_Z18EmuGSS_ShowServ4TMPK17tm_mem_descriptor
FNDA:0,_Z18EmuGSS_ShowServ4TMPK17tm_mem_descriptor
FN:87,_ZN17GSSServ4TMHandlerC2EPKh
FNDA:0,_ZN17GSSServ4TMHandlerC2EPKh
FN:92,_ZN17GSSServ4TMHandler6ShowTMEv
FNDA:0,_ZN17GSSServ4TMHandler6ShowTMEv
FN:102,_ZN17GSSServ4TMHandler10ShowTM_4_2Ev
FNDA:0,_ZN17GSSServ4TMHandler10ShowTM_4_2Ev
FN:123,_ZN17GSSServ4TMHandler19ShowTM_4_2_PIDValueEv
FNDA:0,_ZN17GSSServ4TMHandler19ShowTM_4_2_PIDValueEv
DA:37,0
DA:38,0
DA:40,0
DA:41,0
DA:43,0
DA:45,0
DA:47,0
DA:48,0
DA:50,0
DA:52,0
DA:53,0
DA:54,0
DA:56,0
DA:58,0
DA:59,0
DA:61,0
DA:63,0
DA:64,0
DA:66,0
DA:68,0
DA:69,0
DA:70,0
DA:72,0
DA:74,0
DA:75,0
DA:77,0
DA:80,0
DA:82,0
DA:83,0
DA:85,0
DA:87,0
DA:88,0
DA:90,0
DA:92,0
DA:94,0
DA:95,0
DA:96,0
DA:97,0
DA:100,0
DA:102,0
DA:104,0
DA:105,0
DA:107,0
DA:108,0
DA:110,0
DA:112,0
DA:114,0
DA:116,0
DA:117,0
DA:118,0
DA:121,0
DA:123,0
DA:129,0
DA:131,0
DA:133,0
DA:135,0
DA:136,0
DA:138,0
DA:140,0
DA:141,0
DA:142,0
DA:144,0
DA:145,0
DA:146,0
DA:148,0
DA:149,0
DA:151,0
DA:152,0
DA:154,0
DA:156,0
DA:157,0
DA:158,0
DA:160,0
DA:162,0
DA:163,0
DA:164,0
DA:166,0
DA:167,0
DA:168,0
DA:170,0
DA:171,0
DA:173,0
DA:174,0
DA:176,0
DA:178,0
DA:179,0
DA:180,0
DA:182,0
DA:183,0
DA:184,0
DA:187,0
end_of_record
TN:
SF:/home/atcsol/git/JOSE_PHOTOSAT/uah_photsat_freertos/llsw/emu_hw_timecode_drv/src/emu_hw_timecode_drv.cpp
FN:18,_Z20EmuHwTimeCodeStartUpv
FNDA:1,_Z20EmuHwTimeCodeStartUpv
FN:25,_Z23EmuHwTimeCodePassSecondv
FNDA:60,_Z23EmuHwTimeCodePassSecondv
FN:38,EmuHwTimeCodeSetNextOBT
FNDA:0,EmuHwTimeCodeSetNextOBT
FN:43,EmuHwTimeCodeGetCurrentOBT
FNDA:227,EmuHwTimeCodeGetCurrentOBT
FN:49,EmuHwTimeCodeGetCurrentFineTimeOBT
FNDA:0,EmuHwTimeCodeGetCurrentFineTimeOBT
DA:18,1
DA:21,1
DA:23,1
DA:25,60
DA:27,60
DA:28,60
DA:32,60
DA:36,59
DA:38,0
DA:40,0
DA:41,0
DA:43,227
DA:45,227
DA:49,0
DA:51,0
end_of_record
TN:
SF:/home/atcsol/git/JOSE_PHOTOSAT/uah_photsat_freertos/service_libraries/edroomsl/edroombp/include/public/edroombp.h
FN:192,_ZN12Pr_SemaphoreD2Ev
FNDA:0,_ZN12Pr_SemaphoreD2Ev
FN:310,_ZN15Pr_SemaphoreRec4WaitEv
FNDA:0,_ZN15Pr_SemaphoreRec4WaitEv
FN:319,_ZN15Pr_SemaphoreRec6SignalEv
FNDA:0,_ZN15Pr_SemaphoreRec6SignalEv
FN:337,_ZN15Pr_SemaphoreRecD2Ev
FNDA:0,_ZN15Pr_SemaphoreRecD2Ev
DA:192,0
DA:194,0
DA:195,0
DA:310,0
DA:319,0
DA:337,0
end_of_record
SF:/home/atcsol/git/JOSE_PHOTOSAT/uah_photsat_freertos/llsw/tmtc_dyn_mem/src/tmtc_pool.cpp
FN:64,init_tmtc_pool
FNDA:1,init_tmtc_pool
FN:76,tmtc_pool_alloc
FNDA:111,tmtc_pool_alloc
FN:103,tmtc_pool_free
FNDA:122,tmtc_pool_free
DA:64,1
DA:67,51
DA:68,50
DA:73,1
DA:76,111
DA:78,111
DA:81,111
DA:84,142
DA:86,142
DA:87,111
DA:88,111
DA:89,111
DA:94,111
DA:98,111
DA:103,122
DA:108,122
DA:109,122
DA:111,122
DA:113,122
DA:114,122
DA:115,122
DA:118,122
end_of_record
TN:
SF:/home/atcsol/git/JOSE_PHOTOSAT/uah_photsat_freertos/llsw/tc_rate_ctrl/src/tc_rate_ctrl.cpp
FN:45,_Z11ExtractHeadv
FNDA:0,_Z11ExtractHeadv
FN:51,_Z6IsFullv
FNDA:0,_Z6IsFullv
FN:59,_Z10AddElement7Pr_Timeb
FNDA:9,_Z10AddElement7Pr_Timeb
FN:72,_Z13RxTC_RateCtrlv
FNDA:9,_Z13RxTC_RateCtrlv
FN:118,_Z19RxTC_TCRateExceededv
FNDA:0,_Z19RxTC_TCRateExceededv
DA:45,0
DA:47,0
DA:48,0
DA:49,0
DA:51,0
DA:53,0
DA:59,9
DA:63,9
DA:64,9
DA:66,9
DA:68,9
DA:70,9
DA:72,9
DA:74,9
DA:79,9
DA:81,9
DA:83,9
DA:86,9
DA:89,0
DA:91,0
DA:92,0
DA:93,0
DA:95,0
DA:97,0
DA:98,0
DA:101,0
DA:103,0
DA:107,0
DA:111,9
DA:112,9
DA:113,9
DA:115,9
DA:118,0
DA:121,0
DA:123,0
DA:124,0
DA:126,0
DA:128,0
end_of_record
SF:/home/atcsol/git/JOSE_PHOTOSAT/uah_photsat_freertos/service_libraries/edroomsl/edroombp/include/public/edroombp.h
FN:192,_ZN12Pr_SemaphoreD2Ev
FNDA:0,_ZN12Pr_SemaphoreD2Ev
FN:310,_ZN15Pr_SemaphoreRec4WaitEv
FNDA:0,_ZN15Pr_SemaphoreRec4WaitEv
FN:319,_ZN15Pr_SemaphoreRec6SignalEv
FNDA:0,_ZN15Pr_SemaphoreRec6SignalEv
FN:337,_ZN15Pr_SemaphoreRecD2Ev
FNDA:0,_ZN15Pr_SemaphoreRecD2Ev
DA:192,0
DA:194,0
DA:195,0
DA:310,0
DA:319,0
DA:337,0
end_of_record
TN:
SF:/home/atcsol/git/JOSE_PHOTOSAT/uah_photsat_freertos/llsw/tc_queue_drv/src/tc_queue_drv.cpp
FN:47,_Z12TCQueue_InitPFvvES0_
FNDA:1,_Z12TCQueue_InitPFvvES0_
FN:56,_Z14TCQueue_IsFullv
FNDA:0,_Z14TCQueue_IsFullv
FN:72,_Z15TCQueue_IsEmptyv
FNDA:9,_Z15TCQueue_IsEmptyv
FN:88,_Z23TCQueue_GetTailTCMemoryv
FNDA:9,_Z23TCQueue_GetTailTCMemoryv
FN:108,_Z23TCQueue_TailTCCompletedt
FNDA:9,_Z23TCQueue_TailTCCompletedt
FN:125,_Z23TCQueue_GetHeadTCMemoryRt
FNDA:9,_Z23TCQueue_GetHeadTCMemoryRt
FN:144,_Z23TCQueue_HeadTCExtractedv
FNDA:9,_Z23TCQueue_HeadTCExtractedv
DA:47,1
DA:49,1
DA:50,1
DA:51,1
DA:52,1
DA:54,1
DA:56,0
DA:61,0
DA:63,0
DA:65,0
DA:69,0
DA:72,9
DA:77,9
DA:79,9
DA:81,9
DA:85,9
DA:88,9
DA:94,9
DA:96,9
DA:97,9
DA:99,9
DA:103,9
DA:105,9
DA:108,9
DA:111,9
DA:115,9
DA:117,9
DA:119,9
DA:123,9
DA:125,9
DA:131,9
DA:133,9
DA:135,9
DA:137,9
DA:141,9
DA:144,9
DA:148,9
DA:150,9
DA:151,9
DA:153,9
DA:157,9
end_of_record
TN:
SF:/home/atcsol/git/JOSE_PHOTOSAT/uah_photsat_freertos/llsw/freertos_osswr/Source/queue.c
FN:303,xQueueGenericReset
FNDA:59,xQueueGenericReset
FN:502,xQueueGenericCreate
FNDA:59,xQueueGenericCreate
FN:566,prvInitialiseNewQueue
FNDA:59,prvInitialiseNewQueue
FN:614,prvInitialiseMutex
FNDA:15,prvInitialiseMutex
FN:644,xQueueCreateMutex
FNDA:15,xQueueCreateMutex
FN:689,xQueueGetMutexHolder
FNDA:0,xQueueGetMutexHolder
FN:726,xQueueGetMutexHolderFromISR
FNDA:0,xQueueGetMutexHolderFromISR
FN:756,xQueueGiveMutexRecursive
FNDA:0,xQueueGiveMutexRecursive
FN:815,xQueueTakeMutexRecursive
FNDA:0,xQueueTakeMutexRecursive
FN:902,xQueueCreateCountingSemaphore
FNDA:42,xQueueCreateCountingSemaphore
FN:939,xQueueGenericSend
FNDA:10689,xQueueGenericSend
FN:1157,xQueueGenericSendFromISR
FNDA:0,xQueueGenericSendFromISR
FN:1326,xQueueGiveFromISR
FNDA:0,xQueueGiveFromISR
FN:1496,xQueueReceive
FNDA:0,xQueueReceive
FN:1646,xQueueSemaphoreTake
FNDA:12130,xQueueSemaphoreTake
FN:1871,xQueuePeek
FNDA:0,xQueuePeek
FN:2029,xQueueReceiveFromISR
FNDA:0,xQueueReceiveFromISR
FN:2126,xQueuePeekFromISR
FNDA:0,xQueuePeekFromISR
FN:2185,uxQueueMessagesWaiting
FNDA:0,uxQueueMessagesWaiting
FN:2205,uxQueueSpacesAvailable
FNDA:0,uxQueueSpacesAvailable
FN:2226,uxQueueMessagesWaitingFromISR
FNDA:0,uxQueueMessagesWaitingFromISR
FN:2242,vQueueDelete
FNDA:6,vQueueDelete
FN:2331,uxQueueGetQueueItemSize
FNDA:0,uxQueueGetQueueItemSize
FN:2341,uxQueueGetQueueLength
FNDA:0,uxQueueGetQueueLength
FN:2353,prvGetDisinheritPriorityAfterTimeout
FNDA:0,prvGetDisinheritPriorityAfterTimeout
FN:2378,prvCopyDataToQueue
FNDA:10689,prvCopyDataToQueue
FN:2461,prvCopyDataFromQueue
FNDA:0,prvCopyDataFromQueue
FN:2482,prvUnlockQueue
FNDA:3656,prvUnlockQueue
FN:2602,prvIsQueueEmpty
FNDA:3655,prvIsQueueEmpty
FN:2623,xQueueIsQueueEmptyFromISR
FNDA:0,xQueueIsQueueEmptyFromISR
FN:2647,prvIsQueueFull
FNDA:0,prvIsQueueFull
FN:2668,xQueueIsQueueFullFromISR
FNDA:0,xQueueIsQueueFullFromISR
FN:2997,vQueueAddToRegistry
FNDA:1,vQueueAddToRegistry
FN:3048,pcQueueGetName
FNDA:0,pcQueueGetName
FN:3083,vQueueUnregisterQueue
FNDA:6,vQueueUnregisterQueue
FN:3120,vQueueWaitForMessageRestricted
FNDA:1,vQueueWaitForMessageRestricted
FN:3164,xQueueCreateSet
FNDA:0,xQueueCreateSet
FN:3182,xQueueAddToSet
FNDA:0,xQueueAddToSet
FN:3220,xQueueRemoveFromSet
FNDA:0,xQueueRemoveFromSet
FN:3261,xQueueSelectFromSet
FNDA:0,xQueueSelectFromSet
FN:3280,xQueueSelectFromSetFromISR
FNDA:0,xQueueSelectFromSetFromISR
FN:3298,prvNotifyQueueSetContainer
FNDA:0,prvNotifyQueueSetContainer
DA:303,59
DA:306,59
DA:307,59
DA:311,59
DA:313,59
DA:314,59
DA:316,59
DA:318,59
DA:320,59
DA:321,59
DA:322,59
DA:323,59
DA:324,59
DA:325,59
DA:327,59
DA:334,0
DA:336,0
DA:338,0
DA:353,59
DA:354,59
DA:357,59
DA:361,0
DA:364,59
DA:370,59
DA:502,59
DA:506,59
DA:512,59
DA:514,59
DA:516,59
DA:521,59
DA:526,59
DA:528,59
DA:532,59
DA:533,59
DA:544,59
DA:554,0
DA:560,59
DA:566,59
DA:576,59
DA:582,58
DA:587,1
DA:592,59
DA:593,59
DA:594,59
DA:604,59
DA:609,59
DA:614,15
DA:616,15
DA:622,15
DA:623,15
DA:626,15
DA:631,15
DA:637,15
DA:644,15
DA:647,15
DA:651,15
DA:652,15
DA:656,15
DA:689,0
DA:692,0
DA:696,0
DA:703,0
DA:705,0
DA:707,0
DA:711,0
DA:714,0
DA:718,0
DA:726,0
DA:732,0
DA:737,0
DA:739,0
DA:743,0
DA:748,0
DA:756,0
DA:759,0
DA:763,0
DA:771,0
DA:780,0
DA:783,0
DA:787,0
DA:794,0
DA:800,0
DA:807,0
DA:815,0
DA:819,0
DA:823,0
DA:830,0
DA:832,0
DA:833,0
DA:837,0
DA:842,0
DA:844,0
DA:854,0
DA:902,42
DA:905,42
DA:909,42
DA:912,42
DA:914,42
DA:916,42
DA:927,0
DA:933,42
DA:939,10689
DA:944,10689
DA:946,10689
DA:950,10689
DA:951,10689
DA:952,10689
DA:955,10689
DA:961,10689
DA:967,10689
DA:973,10689
DA:975,10689
DA:977,10689
DA:979,0
DA:986,0
DA:991,0
DA:1002,10689
DA:1004,2208
DA:1010,25
DA:1017,8481
DA:1023,0
DA:1067,10688
DA:1071,10688
DA:1075,0
DA:1079,0
DA:1086,0
DA:1088,0
DA:1092,0
DA:1093,0
DA:1102,0
DA:1107,0
DA:1108,0
DA:1111,0
DA:1113,0
DA:1116,0
DA:1123,0
DA:1130,0
DA:1132,0
DA:1138,0
DA:1139,0
DA:1145,0
DA:1146,0
DA:1151,0
DA:1157,0
DA:1164,0
DA:1168,0
DA:1169,0
DA:1170,0
DA:1193,0
DA:1195,0
DA:1196,0
DA:1197,0
DA:1198,0
DA:1207,0
DA:1211,0
DA:1215,0
DA:1217,0
DA:1224,0
DA:1229,0
DA:1231,0
DA:1245,0
DA:1247,0
DA:1251,0
DA:1253,0
DA:1307,0
DA:1310,0
DA:1315,0
DA:1318,0
DA:1322,0
DA:1326,0
DA:1331,0
DA:1341,0
DA:1345,0
DA:1350,0
DA:1368,0
DA:1370,0
DA:1375,0
DA:1377,0
DA:1387,0
DA:1391,0
DA:1395,0
DA:1397,0
DA:1402,0
DA:1404,0
DA:1418,0
DA:1420,0
DA:1424,0
DA:1426,0
DA:1477,0
DA:1480,0
DA:1485,0
DA:1488,0
DA:1492,0
DA:1496,0
DA:1500,0
DA:1502,0
DA:1507,0
DA:1511,0
DA:1516,0
DA:1522,0
DA:1524,0
DA:1528,0
DA:1531,0
DA:1533,0
DA:1538,0
DA:1540,0
DA:1542,0
DA:1554,0
DA:1558,0
DA:1562,0
DA:1566,0
DA:1571,0
DA:1573,0
DA:1577,0
DA:1578,0
DA:1587,0
DA:1592,0
DA:1593,0
DA:1596,0
DA:1600,0
DA:1603,0
DA:1604,0
DA:1606,0
DA:1608,0
DA:1619,0
DA:1620,0
DA:1627,0
DA:1628,0
DA:1630,0
DA:1635,0
DA:1646,12130
DA:1649,12130
DA:1651,12130
DA:1654,12130
DA:1660,12130
DA:1664,12130
DA:1669,12130
DA:1675,15058
DA:1679,15058
DA:1683,15058
DA:1689,10674
DA:1693,10674
DA:1697,7739
DA:1708,10674
DA:1710,0
DA:1712,0
DA:1724,10674
DA:1728,10674
DA:1732,4384
DA:1736,729
DA:1741,729
DA:1743,3655
DA:1747,2935
DA:1748,2935
DA:1757,3655
DA:1762,3655
DA:1763,3655
DA:1766,3655
DA:1772,2935
DA:1778,2935
DA:1780,4
DA:1782,4
DA:1784,4
DA:1793,2935
DA:1794,2935
DA:1796,2935
DA:1798,2935
DA:1809,0
DA:1810,0
DA:1816,720
DA:1817,720
DA:1823,720
DA:1830,720
DA:1832,0
DA:1841,0
DA:1850,0
DA:1852,0
DA:1860,720
DA:1871,0
DA:1875,0
DA:1878,0
DA:1883,0
DA:1887,0
DA:1892,0
DA:1898,0
DA:1900,0
DA:1904,0
DA:1909,0
DA:1911,0
DA:1915,0
DA:1919,0
DA:1921,0
DA:1924,0
DA:1936,0
DA:1940,0
DA:1944,0
DA:1948,0
DA:1953,0
DA:1955,0
DA:1960,0
DA:1961,0
DA:1970,0
DA:1975,0
DA:1976,0
DA:1979,0
DA:1983,0
DA:1986,0
DA:1987,0
DA:1989,0
DA:1991,0
DA:2002,0
DA:2003,0
DA:2010,0
DA:2011,0
DA:2013,0
DA:2018,0
DA:2029,0
DA:2035,0
DA:2039,0
DA:2040,0
DA:2058,0
DA:2060,0
DA:2063,0
DA:2065,0
DA:2069,0
DA:2070,0
DA:2076,0
DA:2078,0
DA:2080,0
DA:2084,0
DA:2086,0
DA:2107,0
DA:2110,0
DA:2114,0
DA:2118,0
DA:2122,0
DA:2126,0
DA:2132,0
DA:2136,0
DA:2137,0
DA:2138,0
DA:2156,0
DA:2159,0
DA:2165,0
DA:2166,0
DA:2167,0
DA:2169,0
DA:2173,0
DA:2177,0
DA:2181,0
DA:2185,0
DA:2191,0
DA:2193,0
DA:2195,0
DA:2197,0
DA:2201,0
DA:2205,0
DA:2208,0
DA:2212,0
DA:2214,0
DA:2216,0
DA:2218,0
DA:2222,0
DA:2226,0
DA:2229,0
DA:2233,0
DA:2234,0
DA:2238,0
DA:2242,6
DA:2244,6
DA:2248,6
DA:2253,6
DA:2261,6
DA:2285,6
DA:2331,0
DA:2337,0
DA:2341,0
DA:2347,0
DA:2353,0
DA:2363,0
DA:2365,0
DA:2369,0
DA:2372,0
DA:2378,10689
DA:2382,10689
DA:2387,10689
DA:2389,10689
DA:2393,10689
DA:2396,7754
DA:2397,7754
DA:2406,0
DA:2408,0
DA:2409,0
DA:2411,0
DA:2413,0
DA:2422,0
DA:2423,0
DA:2425,0
DA:2427,0
DA:2434,0
DA:2436,0
DA:2442,0
DA:2455,10689
DA:2457,10689
DA:2461,0
DA:2464,0
DA:2466,0
DA:2468,0
DA:2470,0
DA:2477,0
DA:2479,0
DA:2482,3656
DA:2490,3656
DA:2492,3656
DA:2495,3656
DA:2501,0
DA:2503,0
DA:2508,0
DA:2520,0
DA:2522,0
DA:2526,0
DA:2535,0
DA:2563,0
DA:2566,3656
DA:2568,3656
DA:2571,3656
DA:2573,3656
DA:2575,3656
DA:2577,0
DA:2579,0
DA:2581,0
DA:2588,0
DA:2592,0
DA:2596,3656
DA:2598,3656
DA:2599,3656
DA:2602,3655
DA:2606,3655
DA:2608,3655
DA:2610,3655
DA:2614,0
DA:2617,3655
DA:2619,3655
DA:2623,0
DA:2626,0
DA:2630,0
DA:2632,0
DA:2634,0
DA:2638,0
DA:2643,0
DA:2647,0
DA:2651,0
DA:2653,0
DA:2655,0
DA:2659,0
DA:2662,0
DA:2664,0
DA:2668,0
DA:2671,0
DA:2675,0
DA:2677,0
DA:2679,0
DA:2683,0
DA:2688,0
DA:2997,1
DA:3001,1
DA:3005,1
DA:3007,1
DA:3011,21
DA:3014,20
DA:3016,0
DA:3017,0
DA:3020,20
DA:3022,1
DA:3031,1
DA:3034,1
DA:3035,1
DA:3041,1
DA:3048,0
DA:3051,0
DA:3055,0
DA:3060,0
DA:3062,0
DA:3064,0
DA:3065,0
DA:3075,0
DA:3083,6
DA:3089,6
DA:3093,126
DA:3095,120
DA:3098,0
DA:3103,0
DA:3104,0
DA:3113,6
DA:3120,1
DA:3124,1
DA:3142,1
DA:3144,1
DA:3147,1
DA:3154,1
DA:3157,1
DA:3164,0
DA:3170,0
DA:3174,0
DA:3182,0
DA:3189,0
DA:3191,0
DA:3194,0
DA:3196,0
DA:3200,0
DA:3204,0
DA:3205,0
DA:3208,0
DA:3212,0
DA:3220,0
DA:3224,0
DA:3228,0
DA:3231,0
DA:3233,0
DA:3238,0
DA:3242,0
DA:3245,0
DA:3247,0
DA:3248,0
DA:3253,0
DA:3261,0
DA:3264,0
DA:3268,0
DA:3272,0
DA:3280,0
DA:3282,0
DA:3286,0
[...]
FNDA:85,pus_service12_do_param_check_value_monitoring
DA:36,1
DA:38,17
DA:40,16
DA:44,1
DA:50,4
DA:52,4
DA:53,2
DA:54,2
DA:55,2
DA:56,0
DA:57,0
DA:58,0
DA:59,2
DA:60,2
DA:61,2
DA:62,0
DA:63,0
DA:64,0
DA:65,0
DA:66,0
DA:69,4
DA:71,60
DA:73,60
DA:77,960
DA:79,960
DA:81,960
DA:83,960
DA:85,105
DA:89,960
DA:92,85
DA:94,85
DA:96,85
DA:98,85
DA:101,85
DA:105,0
DA:108,0
DA:110,0
DA:113,0
DA:115,0
DA:116,0
DA:119,0
DA:121,0
DA:123,0
DA:125,0
DA:126,0
DA:129,0
DA:132,0
DA:135,0
DA:136,0
DA:137,0
DA:140,0
DA:143,0
DA:153,0
DA:155,0
DA:158,0
DA:160,0
DA:161,0
DA:164,0
DA:165,0
DA:170,0
DA:171,0
DA:183,0
DA:186,85
DA:189,85
DA:191,85
DA:194,85
DA:196,85
DA:197,85
DA:200,85
DA:202,85
DA:204,85
DA:207,85
DA:208,85
DA:209,85
DA:212,2
DA:214,2
DA:222,83
DA:224,83
DA:229,83
DA:230,83
DA:237,85
end_of_record
TN:
SF:/home/atcsol/git/JOSE_PHOTOSAT/uah_photsat_freertos/service_libraries/pus_services/pus_service12/src/aux_pus_service12_x_utils.c
FN:37,pus_service12_exec_TC_12_2_set_unchecked
FNDA:2,pus_service12_exec_TC_12_2_set_unchecked
FN:68,pus_service12_PID_is_out_of_high_limit
FNDA:0,pus_service12_PID_is_out_of_high_limit
FN:75,pus_service12_PID_is_out_of_low_limit
FNDA:0,pus_service12_PID_is_out_of_low_limit
FN:81,pus_service12_PID_has_expected_masked_value
FNDA:85,pus_service12_PID_has_expected_masked_value
FN:89,pus_service12_are_status_equal
FNDA:91,pus_service12_are_status_equal
FN:110,pus_service12_mng_param_out_of_high_limit
FNDA:0,pus_service12_mng_param_out_of_high_limit
FN:145,pus_service12_mng_param_out_of_low_limit
FNDA:0,pus_service12_mng_param_out_of_low_limit
FN:180,pus_service12_mng_param_unexpected_value
FNDA:2,pus_service12_mng_param_unexpected_value
FN:219,pus_service12_mng_new_status
FNDA:85,pus_service12_mng_new_status
FN:277,pus_service12_mng_is_valid_check_limit_def
FNDA:0,pus_service12_mng_is_valid_check_limit_def
FN:286,pus_service12_add_valid_mng_mon_def
FNDA:2,pus_service12_add_valid_mng_mon_def
FN:306,pus_service12_exec_TC_12_X_get_PMON_limit_check_def
FNDA:0,pus_service12_exec_TC_12_X_get_PMON_limit_check_def
FN:351,pus_service12_exec_TC_12_X_get_PMON_value_check_def
FNDA:2,pus_service12_exec_TC_12_X_get_PMON_value_check_def
FN:392,pus_service12_add_monitoring_transition
FNDA:6,pus_service12_add_monitoring_transition
DA:37,2
DA:40,2
DA:43,2
DA:44,0
DA:46,0
DA:48,0
DA:50,2
DA:52,2
DA:54,2
DA:55,0
DA:57,0
DA:61,2
DA:62,2
DA:66,2
DA:68,0
DA:71,0
DA:75,0
DA:78,0
DA:81,85
DA:84,85
DA:89,91
DA:92,91
DA:94,91
DA:96,0
DA:97,0
DA:98,0
DA:99,91
DA:100,91
DA:101,91
DA:102,0
DA:103,0
DA:106,91
DA:110,0
DA:114,0
DA:117,0
DA:121,0
DA:123,0
DA:125,0
DA:128,0
DA:132,0
DA:133,0
DA:135,0
DA:137,0
DA:142,0
DA:145,0
DA:149,0
DA:152,0
DA:156,0
DA:158,0
DA:160,0
DA:163,0
DA:167,0
DA:168,0
DA:170,0
DA:172,0
DA:177,0
DA:180,2
DA:184,2
DA:187,2
DA:191,2
DA:193,2
DA:195,2
DA:198,2
DA:201,2
DA:205,2
DA:206,2
DA:208,2
DA:210,2
DA:215,2
DA:219,85
DA:224,85
DA:227,85
DA:232,85
DA:236,6
DA:239,0
DA:246,6
DA:247,6
DA:248,6
DA:252,6
DA:254,6
DA:258,6
DA:260,6
DA:262,6
DA:268,79
DA:269,79
DA:274,85
DA:277,0
DA:280,0
DA:282,0
DA:286,2
DA:289,2
DA:291,2
DA:293,2
DA:295,2
DA:297,2
DA:299,2
DA:303,2
DA:306,0
DA:310,0
DA:319,0
DA:321,0
DA:324,0
DA:328,0
DA:333,0
DA:337,0
DA:340,0
DA:345,0
DA:348,0
DA:351,2
DA:355,2
DA:364,2
DA:366,2
DA:369,2
DA:373,2
DA:377,2
DA:381,2
DA:386,2
DA:389,2
DA:392,6
DA:398,6
DA:401,6
DA:403,6
DA:405,6
DA:407,6
DA:408,6
DA:410,6
DA:412,6
DA:413,6
DA:415,6
DA:418,6
DA:421,6
DA:423,6
DA:427,6
DA:429,6
DA:432,6
DA:433,6
DA:436,6
DA:439,6
DA:441,6
DA:443,6
DA:448,6
end_of_record
TN:
SF:/home/atcsol/git/JOSE_PHOTOSAT/uah_photsat_freertos/service_libraries/pus_services/pus_service09/src/aux_pus_sevice9_exec_tc.c
FN:32,pus_service9_exec_TC_9_129
FNDA:0,pus_service9_exec_TC_9_129
DA:32,0
DA:39,0
DA:41,0
DA:44,0
DA:48,0
DA:49,0
DA:50,0
DA:55,0
DA:57,0
end_of_record
TN:
SF:/home/atcsol/git/JOSE_PHOTOSAT/uah_photsat_freertos/service_libraries/pus_services/pus_service09/src/pus_service9.c
FN:39,pus_service9_exec_tc
FNDA:0,pus_service9_exec_tc
DA:39,0
DA:41,0
DA:42,0
DA:43,0
DA:44,0
DA:45,0
DA:46,0
DA:51,0
end_of_record
TN:
SF:/home/atcsol/git/JOSE_PHOTOSAT/uah_photsat_freertos/service_libraries/pus_services/pus_service17/src/pus_service17.c
FN:38,pus_service17_exec_tc
FNDA:0,pus_service17_exec_tc
FN:50,pus_service17_exec_TC_17_1
FNDA:0,pus_service17_exec_TC_17_1
DA:38,0
DA:40,0
DA:41,0
DA:42,0
DA:43,0
DA:44,0
DA:45,0
DA:48,0
DA:50,0
DA:54,0
DA:57,0
DA:60,0
DA:64,0
DA:65,0
end_of_record
TN:
SF:/home/atcsol/git/JOSE_PHOTOSAT/uah_photsat_freertos/service_libraries/pus_services/pus_service17/src/aux_pus_service17_exec_tc.c
FN:39,pus_service17_tx_TM_17_2
FNDA:0,pus_service17_tx_TM_17_2
DA:39,0
DA:45,0
DA:47,0
DA:50,0
DA:53,0
DA:56,0
end_of_record
TN:
SF:/home/atcsol/git/JOSE_PHOTOSAT/uah_photsat_freertos/service_libraries/pus_services/pus_service19/src/aux_pus_service19_exec_tc.c
FN:34,pus_service19_exec_TC_19_1
FNDA:1,pus_service19_exec_TC_19_1
FN:140,pus_service19_exec_TC_19_2
FNDA:0,pus_service19_exec_TC_19_2
FN:214,pus_service19_exec_TC_19_4
FNDA:1,pus_service19_exec_TC_19_4
FN:277,pus_service19_exec_TC_19_5
FNDA:0,pus_service19_exec_TC_19_5
DA:34,1
DA:42,1
DA:45,1
DA:47,1
DA:50,0
DA:54,1
DA:56,0
DA:61,1
DA:63,0
DA:71,1
DA:74,1
DA:76,0
DA:78,0
DA:81,0
DA:85,1
DA:91,1
DA:94,1
DA:97,1
DA:100,1
DA:102,1
DA:104,1
DA:105,1
DA:108,1
DA:110,1
DA:112,1
DA:114,1
DA:116,1
DA:120,0
DA:126,0
DA:136,1
DA:138,1
DA:140,0
DA:148,0
DA:151,0
DA:153,0
DA:156,0
DA:160,0
DA:162,0
DA:167,0
DA:169,0
DA:177,0
DA:180,0
DA:182,0
DA:184,0
DA:187,0
DA:191,0
DA:193,0
DA:195,0
DA:201,0
DA:210,0
DA:212,0
DA:214,1
DA:222,1
DA:225,1
DA:227,1
DA:230,0
DA:234,1
DA:236,0
DA:241,1
DA:243,0
DA:251,1
DA:254,1
DA:256,1
DA:258,1
DA:260,1
DA:264,0
DA:273,1
DA:275,1
DA:277,0
DA:285,0
DA:288,0
DA:290,0
DA:293,0
DA:297,0
DA:299,0
DA:304,0
DA:306,0
DA:314,0
DA:317,0
DA:319,0
DA:321,0
DA:323,0
DA:327,0
DA:336,0
DA:338,0
end_of_record
TN:
SF:/home/atcsol/git/JOSE_PHOTOSAT/uah_photsat_freertos/service_libraries/pus_services/pus_service19/src/aux_pus_service19_utils.c
FN:70,pus_service19_pending_ev_5_1_actions
FNDA:60,pus_service19_pending_ev_5_1_actions
FN:75,pus_service19_pending_ev_5_2_actions
FNDA:60,pus_service19_pending_ev_5_2_actions
FN:80,pus_service19_pending_ev_5_3_actions
FNDA:60,pus_service19_pending_ev_5_3_actions
FN:86,pus_service19_pending_ev_5_4_actions
FNDA:62,pus_service19_pending_ev_5_4_actions
FN:93,pus_service19_is_ev_action_defined
FNDA:4,pus_service19_is_ev_action_defined
FN:109,pus_service19_disable_ev_action
FNDA:1,pus_service19_disable_ev_action
FN:126,pus_service19_enable_ev_action
FNDA:1,pus_service19_enable_ev_action
FN:144,pus_service19_delete_ev_action
FNDA:0,pus_service19_delete_ev_action
FN:164,pus_service19_get_free_ev_action_id
FNDA:1,pus_service19_get_free_ev_action_id
FN:181,pus_service19_get_ev_action
FNDA:2,pus_service19_get_ev_action
FN:213,pus_service19_set_ev_action
FNDA:1,pus_service19_set_ev_action
FN:244,pus_service19_add_ev_action_to_queue
FNDA:2,pus_service19_add_ev_action_to_queue
FN:309,pus_service19_extract_ev_action_from_queue
FNDA:2,pus_service19_extract_ev_action_from_queue
FN:355,pus_service19_extract_ev_5_1_action
FNDA:0,pus_service19_extract_ev_5_1_action
FN:359,pus_service19_extract_ev_5_2_action
FNDA:0,pus_service19_extract_ev_5_2_action
FN:365,pus_service19_extract_ev_5_3_action
FNDA:0,pus_service19_extract_ev_5_3_action
FN:369,pus_service19_extract_ev_5_4_action
FNDA:2,pus_service19_extract_ev_5_4_action
DA:70,60
DA:71,60
DA:75,60
DA:77,60
DA:80,60
DA:82,60
DA:86,62
DA:88,62
DA:93,4
DA:96,4
DA:98,4
DA:99,23
DA:100,19
DA:101,3
DA:102,3
DA:103,3
DA:106,4
DA:109,1
DA:112,1
DA:114,1
DA:116,1
DA:120,0
DA:123,1
DA:126,1
DA:129,1
DA:131,1
DA:133,1
DA:137,0
DA:140,1
DA:144,0
DA:147,0
DA:149,0
DA:151,0
DA:152,0
DA:156,0
DA:159,0
DA:164,1
DA:166,1
DA:167,1
DA:168,1
DA:169,2
DA:170,1
DA:171,1
DA:172,1
DA:173,1
DA:176,1
DA:181,2
DA:186,2
DA:188,0
DA:190,2
DA:192,0
DA:198,2
DA:200,2
DA:202,28
DA:204,26
DA:205,26
DA:209,2
DA:213,1
DA:219,1
DA:221,0
DA:223,1
DA:225,0
DA:229,1
DA:231,1
DA:233,14
DA:234,13
DA:235,13
DA:240,1
DA:244,2
DA:247,2
DA:249,2
DA:251,2
DA:253,0
DA:256,2
DA:258,2
DA:260,0
DA:261,0
DA:262,0
DA:263,0
DA:264,0
DA:265,0
DA:266,0
DA:267,0
DA:268,0
DA:270,2
DA:271,2
DA:272,2
DA:273,0
DA:274,0
DA:275,0
DA:280,2
DA:282,2
DA:288,2
DA:289,2
DA:290,2
DA:292,2
DA:295,2
DA:296,2
DA:297,2
DA:301,0
DA:306,2
DA:309,2
DA:311,2
DA:313,2
DA:314,0
DA:315,2
DA:316,0
DA:317,2
DA:318,0
DA:319,2
DA:320,0
DA:328,2
DA:331,2
DA:334,28
DA:336,26
DA:337,26
DA:341,2
DA:344,2
DA:345,2
DA:348,2
DA:352,2
DA:355,0
DA:356,0
DA:359,0
DA:361,0
DA:365,0
DA:366,0
DA:369,2
DA:371,2
end_of_record
TN:
SF:/home/atcsol/git/JOSE_PHOTOSAT/uah_photsat_freertos/service_libraries/pus_services/pus_service19/src/pus_service19.c
FN:31,pus_service19_mng_event_action
FNDA:2,pus_service19_mng_event_action
FN:50,pus_service19_pending_ev_actions
FNDA:60,pus_service19_pending_ev_actions
FN:58,pus_service19_extract_next_ev_action
FNDA:2,pus_service19_extract_next_ev_action
FN:94,pus_service19_exec_tc
FNDA:2,pus_service19_exec_tc
DA:31,2
DA:39,2
DA:43,2
DA:45,2
DA:48,2
DA:50,60
DA:52,60
DA:53,60
DA:54,60
DA:55,60
DA:58,2
DA:60,2
DA:61,2
DA:64,2
DA:66,2
DA:68,0
DA:70,0
DA:72,0
DA:74,0
DA:76,0
DA:78,0
DA:82,0
DA:83,0
DA:84,0
DA:88,0
DA:91,2
DA:94,2
DA:95,2
DA:96,1
DA:97,1
DA:98,1
DA:99,0
DA:100,0
DA:101,0
DA:102,1
DA:103,1
DA:104,1
DA:105,0
DA:106,0
DA:107,0
DA:109,0
DA:110,0
DA:113,2
end_of_record
TN:
SF:/home/atcsol/git/JOSE_PHOTOSAT/uah_photsat_freertos/service_libraries/pus_services/pus_sys_data_pool/src/pus_sys_data_pool.c
FN:62,sys_data_pool_is_PID_valid
FNDA:2,sys_data_pool_is_PID_valid
FN:68,sys_data_pool_item_type
FNDA:7024,sys_data_pool_item_type
FN:89,sys_data_pool_item_type_size
FNDA:2,sys_data_pool_item_type_size
FN:115,sys_data_pool_PID_size
FNDA:0,sys_data_pool_PID_size
FN:123,sys_data_pool_is_PID_update_via_TC_enabled
FNDA:0,sys_data_pool_is_PID_update_via_TC_enabled
FN:152,sys_data_pool_get_int16_param
FNDA:2640,sys_data_pool_get_int16_param
FN:163,sys_data_pool_get_uint8_param
FNDA:190,sys_data_pool_get_uint8_param
FN:174,sys_data_pool_get_uint32_param
FNDA:0,sys_data_pool_get_uint32_param
FN:184,sys_data_pool_get_param_value
FNDA:85,sys_data_pool_get_param_value
FN:224,sys_data_pool_set_param_from_serialized_bytes
FNDA:0,sys_data_pool_set_param_from_serialized_bytes
FN:265,sys_data_pool_set_item_from_serialized_bytes
FNDA:4,sys_data_pool_set_item_from_serialized_bytes
FN:304,sys_data_pool_set_uint8_param
FNDA:1201,sys_data_pool_set_uint8_param
FN:316,sys_data_pool_set_int16_param
FNDA:1208,sys_data_pool_set_int16_param
FN:328,sys_data_pool_set_uint32_param
FNDA:305,sys_data_pool_set_uint32_param
FN:340,sys_data_pool_item1_higher_than_item2
FNDA:0,sys_data_pool_item1_higher_than_item2
FN:377,sys_data_pool_param_higher_than_limit
FNDA:0,sys_data_pool_param_higher_than_limit
FN:415,sys_data_pool_param_lower_than_limit
FNDA:0,sys_data_pool_param_lower_than_limit
FN:453,sys_data_pool_param_update_mean
FNDA:0,sys_data_pool_param_update_mean
FN:503,sys_data_pool_masked_param_equal_than_masked_item
FNDA:85,sys_data_pool_masked_param_equal_than_masked_item
DA:62,2
DA:64,2
DA:68,7024
DA:72,7024
DA:74,305
DA:76,6719
DA:78,2151
DA:79,4568
DA:81,4568
DA:83,0
DA:85,7024
DA:89,2
DA:91,2
DA:93,2
DA:95,0
DA:96,0
DA:97,0
DA:99,2
DA:100,2
DA:101,2
DA:103,0
DA:104,0
DA:105,0
DA:106,0
DA:108,0
DA:109,0
DA:111,2
DA:115,0
DA:118,0
DA:119,0
DA:123,0
DA:127,0
DA:131,0
DA:133,0
DA:134,0
DA:135,0
DA:136,0
DA:138,0
DA:139,0
DA:140,0
DA:142,0
DA:144,0
DA:148,0
DA:152,2640
DA:154,2640
DA:156,2640
DA:157,2640
DA:159,2640
DA:163,190
DA:165,190
DA:167,190
DA:168,190
DA:170,190
DA:174,0
DA:176,0
DA:178,0
DA:179,0
DA:181,0
DA:184,85
DA:188,85
DA:189,0
DA:196,85
DA:198,85
DA:200,0
DA:201,0
DA:202,0
DA:204,85
DA:205,85
DA:206,85
DA:208,0
DA:209,0
DA:210,0
DA:212,0
DA:214,0
DA:215,0
DA:220,85
DA:224,0
DA:227,0
DA:229,0
DA:230,0
DA:237,0
DA:239,0
DA:241,0
DA:242,0
DA:243,0
DA:245,0
DA:246,0
DA:247,0
DA:249,0
DA:250,0
DA:251,0
DA:253,0
DA:255,0
DA:256,0
DA:261,0
DA:265,4
DA:271,4
DA:272,0
DA:274,4
DA:276,0
DA:279,4
DA:280,0
DA:282,0
DA:283,0
DA:285,4
DA:286,4
DA:287,4
DA:288,0
DA:289,0
DA:290,0
DA:293,0
DA:295,0
DA:296,0
DA:301,4
DA:304,1201
DA:307,1201
DA:308,1201
DA:310,1201
DA:311,1201
DA:313,1201
DA:316,1208
DA:319,1208
DA:320,1208
DA:322,1208
DA:323,1208
DA:325,1208
DA:328,305
DA:331,305
DA:332,305
DA:334,305
DA:335,305
DA:337,305
DA:340,0
DA:344,0
DA:346,0
DA:350,0
DA:352,0
DA:353,0
DA:355,0
DA:357,0
DA:358,0
DA:359,0
DA:360,0
DA:361,0
DA:363,0
DA:364,0
DA:367,0
DA:373,0
DA:377,0
DA:380,0
DA:382,0
DA:385,0
DA:387,0
DA:389,0
DA:390,0
DA:392,0
DA:394,0
DA:395,0
DA:397,0
DA:399,0
DA:400,0
DA:402,0
DA:403,0
DA:406,0
DA:412,0
DA:415,0
DA:418,0
DA:420,0
DA:423,0
DA:425,0
DA:427,0
DA:428,0
DA:430,0
DA:432,0
DA:433,0
DA:435,0
DA:436,0
DA:437,0
DA:439,0
DA:440,0
DA:443,0
DA:449,0
DA:453,0
DA:456,0
DA:458,0
DA:461,0
DA:463,0
DA:465,0
DA:467,0
DA:468,0
DA:469,0
DA:471,0
DA:473,0
DA:475,0
DA:476,0
DA:477,0
DA:480,0
DA:482,0
DA:483,0
DA:484,0
DA:487,0
DA:488,0
DA:490,0
DA:491,0
DA:496,0
DA:499,0
DA:503,85
DA:507,85
DA:509,85
DA:512,85
DA:514,85
DA:516,0
DA:518,0
DA:519,0
DA:521,0
DA:523,0
DA:525,0
DA:527,0
DA:529,0
DA:531,0
DA:533,0
DA:535,0
DA:537,85
DA:539,85
DA:541,85
DA:543,85
DA:545,85
DA:546,0
DA:549,0
DA:555,85
end_of_record
TN:
SF:/home/atcsol/git/JOSE_PHOTOSAT/uah_photsat_freertos/service_libraries/pus_services/pus_service01/src/pus_service1.c
FN:36,pus_service1_tc_acceptation
FNDA:10,pus_service1_tc_acceptation
FN:197,pus_service1_tx_TM_1_1
FNDA:9,pus_service1_tx_TM_1_1
FN:209,pus_service1_tx_TM_1_2
FNDA:0,pus_service1_tx_TM_1_2
FN:244,pus_service1_tx_TM_1_3
FNDA:11,pus_service1_tx_TM_1_3
FN:258,pus_service1_tx_TM_1_7
FNDA:11,pus_service1_tx_TM_1_7
DA:36,10
DA:43,10
DA:46,10
DA:50,10
DA:54,10
DA:55,10
DA:57,0
DA:59,10
DA:60,10
DA:63,0
DA:65,10
DA:67,0
DA:69,10
DA:71,0
DA:76,10
DA:78,10
DA:79,0
DA:80,0
DA:81,0
DA:82,0
DA:83,0
DA:84,0
DA:86,0
DA:87,0
DA:88,0
DA:89,0
DA:90,0
DA:91,0
DA:92,0
DA:94,0
DA:95,0
DA:96,0
DA:97,0
DA:98,0
DA:100,0
DA:101,0
DA:103,0
DA:104,0
DA:105,0
DA:106,0
DA:109,0
DA:111,0
DA:112,0
DA:114,0
DA:115,0
DA:116,0
DA:117,0
DA:120,0
DA:121,0
DA:122,0
DA:124,0
DA:126,0
DA:127,0
DA:128,0
DA:130,0
DA:131,0
DA:132,0
DA:134,0
DA:135,4
DA:136,4
DA:137,4
DA:141,4
DA:142,0
DA:143,0
DA:145,4
DA:146,2
DA:147,2
DA:148,2
DA:152,2
DA:153,0
DA:154,0
DA:156,2
DA:157,0
DA:158,0
DA:159,0
DA:161,0
DA:163,0
DA:164,0
DA:166,0
DA:167,1
DA:168,1
DA:169,1
DA:170,1
DA:172,0
DA:173,0
DA:175,1
DA:177,3
DA:178,3
DA:179,3
DA:182,3
DA:183,0
DA:185,0
DA:186,0
DA:193,10
DA:197,9
DA:199,9
DA:201,9
DA:203,9
DA:206,9
DA:209,0
DA:212,0
DA:219,0
DA:221,0
DA:224,0
DA:227,0
DA:231,0
DA:233,0
DA:237,0
DA:240,0
DA:244,11
DA:246,11
DA:249,11
DA:251,11
DA:254,11
DA:258,11
DA:260,11
DA:263,11
DA:265,11
DA:268,11
end_of_record
TN:
SF:/home/atcsol/git/JOSE_PHOTOSAT/uah_photsat_freertos/service_libraries/pus_services/pus_service01/src/aux_pus_service1_x_utils.c
FN:35,pus_service1_build_TM_1_2_failure_notice
FNDA:0,pus_service1_build_TM_1_2_failure_notice
FN:118,pus_service1_build_TM_1_X_reqID
FNDA:31,pus_service1_build_TM_1_X_reqID
FN:140,pus_service1_tx_TM_1_X_reqID
FNDA:31,pus_service1_tx_TM_1_X_reqID
FN:167,pus_service1_failure_tc_subtype
FNDA:0,pus_service1_failure_tc_subtype
FN:194,pus_service1_tx_TM_1_X_no_failure_data
FNDA:0,pus_service1_tx_TM_1_X_no_failure_data
FN:228,pus_service1_tx_TM_1_X_uint8_failure_data
FNDA:0,pus_service1_tx_TM_1_X_uint8_failure_data
FN:269,pus_service1_tx_TM_1_X_uint16_failure_data
FNDA:0,pus_service1_tx_TM_1_X_uint16_failure_data
FN:309,pus_service1_tx_TM_1_X_uint32_failure_data
FNDA:0,pus_service1_tx_TM_1_X_uint32_failure_data
FN:349,pus_service1_tx_TM_1_X_uint8_uint32_failure_data
FNDA:0,pus_service1_tx_TM_1_X_uint8_uint32_failure_data
DA:35,0
DA:38,0
DA:40,0
DA:42,0
DA:44,0
DA:47,0
DA:51,0
DA:52,0
DA:55,0
DA:56,0
DA:58,0
DA:60,0
DA:63,0
DA:66,0
DA:68,0
DA:71,0
DA:75,0
DA:76,0
DA:78,0
DA:80,0
DA:83,0
DA:87,0
DA:88,0
DA:90,0
DA:92,0
DA:95,0
DA:99,0
DA:100,0
DA:102,0
DA:104,0
DA:106,0
DA:107,0
DA:112,0
DA:115,0
DA:118,31
DA:121,31
DA:123,31
DA:126,31
DA:127,31
DA:130,31
DA:131,31
DA:134,0
DA:136,31
DA:140,31
DA:143,31
DA:148,31
DA:150,31
DA:153,31
DA:156,31
DA:158,31
DA:161,31
DA:164,31
DA:167,0
DA:171,0
DA:173,0
DA:174,0
DA:175,0
DA:176,0
DA:177,0
DA:178,0
DA:180,0
DA:181,0
DA:182,0
DA:184,0
DA:185,0
DA:186,0
DA:190,0
DA:194,0
DA:197,0
DA:201,0
DA:206,0
DA:208,0
DA:211,0
DA:214,0
DA:217,0
DA:219,0
DA:223,0
DA:225,0
DA:228,0
DA:231,0
DA:235,0
DA:240,0
DA:242,0
DA:245,0
DA:248,0
DA:252,0
DA:256,0
DA:258,0
DA:262,0
DA:264,0
DA:269,0
DA:272,0
DA:276,0
DA:281,0
DA:283,0
DA:286,0
DA:289,0
DA:293,0
DA:297,0
DA:299,0
DA:303,0
DA:305,0
DA:309,0
DA:312,0
DA:316,0
DA:321,0
DA:323,0
DA:326,0
DA:329,0
DA:333,0
DA:337,0
DA:339,0
DA:343,0
DA:345,0
DA:349,0
DA:352,0
DA:356,0
DA:361,0
DA:363,0
DA:366,0
DA:369,0
DA:373,0
DA:377,0
DA:381,0
DA:383,0
DA:387,0
DA:389,0
end_of_record
TN:
SF:/home/atcsol/git/JOSE_PHOTOSAT/uah_photsat_freertos/service_libraries/pus_services/pus_service01/src/pus_service_1_x_tc_x_x.c
FN:36,pus_service1_tx_TM_1_4_short_pack_length
FNDA:0,pus_service1_tx_TM_1_4_short_pack_length
FN:44,pus_service1_tx_TM_1_4_num_of_instr_not_valid
FNDA:0,pus_service1_tx_TM_1_4_num_of_instr_not_valid
FN:52,pus_service1_tx_TM_1_4_device_address_not_valid
FNDA:0,pus_service1_tx_TM_1_4_device_address_not_valid
FN:60,pus_service1_tx_TM_1_4_SID_not_valid
FNDA:0,pus_service1_tx_TM_1_4_SID_not_valid
FN:71,pus_service1_tx_TM_1_4_mem_address_not_valid
FNDA:0,pus_service1_tx_TM_1_4_mem_address_not_valid
FN:80,pus_service1_tx_TM_1_4_mem_id_read_only
FNDA:0,pus_service1_tx_TM_1_4_mem_id_read_only
FN:87,pus_service1_tx_TM_1_4_EvID_not_valid
FNDA:0,pus_service1_tx_TM_1_4_EvID_not_valid
FN:95,pus_service1_tx_TM_1_4_PID_not_valid
FNDA:0,pus_service1_tx_TM_1_4_PID_not_valid
FN:103,pus_service1_tx_TM_1_4_PMON_undefined
FNDA:0,pus_service1_tx_TM_1_4_PMON_undefined
FN:111,pus_service1_tx_TM_1_4_PMON_defined
FNDA:0,pus_service1_tx_TM_1_4_PMON_defined
FN:119,pus_service1_tx_TM_1_4_PMON_enabled
FNDA:0,pus_service1_tx_TM_1_4_PMON_enabled
FN:127,pus_service1_tx_TM_1_4_PMONID_invalid
FNDA:0,pus_service1_tx_TM_1_4_PMONID_invalid
FN:135,pus_service1_tx_TM_1_4_PMON_definition_invalid
FNDA:0,pus_service1_tx_TM_1_4_PMON_definition_invalid
FN:144,pus_service1_tx_TM_1_4_EvAction_enabled
FNDA:0,pus_service1_tx_TM_1_4_EvAction_enabled
FN:152,pus_service1_tx_TM_1_4_EvAction_rejected
FNDA:0,pus_service1_tx_TM_1_4_EvAction_rejected
FN:159,pus_service1_tx_TM_1_4_EvAction_undefined
FNDA:0,pus_service1_tx_TM_1_4_EvAction_undefined
FN:168,pus_service1_tx_TM_1_4_PID_read_only_via_TC_20_X
FNDA:0,pus_service1_tx_TM_1_4_PID_read_only_via_TC_20_X
FN:177,pus_service1_tx_TM_1_4_Invalid_129_1_Observation
FNDA:0,pus_service1_tx_TM_1_4_Invalid_129_1_Observation
FN:186,pus_service1_tx_TM_1_4_Invalid_129_2_Kp_Ki_Kd
FNDA:0,pus_service1_tx_TM_1_4_Invalid_129_2_Kp_Ki_Kd
FN:197,pus_service1_tx_TM_1_8_Max_EvActions_defined
FNDA:0,pus_service1_tx_TM_1_8_Max_EvActions_defined
FN:205,pus_service1_tx_TM_1_8_exceed_limit_appdata
FNDA:0,pus_service1_tx_TM_1_8_exceed_limit_appdata
FN:213,pus_service1_tx_TM_1_8_dev_comman_exec_error
FNDA:0,pus_service1_tx_TM_1_8_dev_comman_exec_error
FN:222,pus_service1_tx_TM_1_8_not_free_stats_config
FNDA:0,pus_service1_tx_TM_1_8_not_free_stats_config
FN:230,pus_service1_tx_TM_1_8_PID_stats_undefined
FNDA:0,pus_service1_tx_TM_1_8_PID_stats_undefined
FN:238,pus_service1_tx_TM_1_8_mem_access_error
FNDA:0,pus_service1_tx_TM_1_8_mem_access_error
DA:36,0
DA:38,0
DA:40,0
DA:44,0
DA:47,0
DA:52,0
DA:55,0
DA:60,0
DA:63,0
DA:71,0
DA:74,0
DA:80,0
DA:83,0
DA:87,0
DA:90,0
DA:95,0
DA:98,0
DA:103,0
DA:106,0
DA:111,0
DA:114,0
DA:119,0
DA:122,0
DA:127,0
DA:130,0
DA:135,0
DA:138,0
DA:144,0
DA:147,0
DA:152,0
DA:154,0
DA:159,0
DA:162,0
DA:168,0
DA:171,0
DA:177,0
DA:179,0
DA:183,0
DA:186,0
DA:188,0
DA:192,0
DA:197,0
DA:200,0
DA:205,0
DA:208,0
DA:213,0
DA:216,0
DA:222,0
DA:225,0
DA:230,0
DA:233,0
DA:238,0
DA:241,0
end_of_record
